#
# There is insufficient memory for the Java Runtime Environment to continue.
# Native memory allocation (malloc) failed to allocate 2005136 bytes for Chunk::new
# Possible reasons:
#   The system is out of physical RAM or swap space
#   The process is running with CompressedOops enabled, and the Java Heap may be blocking the growth of the native heap
# Possible solutions:
#   Reduce memory load on the system
#   Increase physical memory or swap space
#   Check if swap backing store is full
#   Decrease Java heap size (-Xmx/-Xms)
#   Decrease number of Java threads
#   Decrease Java thread stack sizes (-Xss)
#   Set larger code cache with -XX:ReservedCodeCacheSize=
#   JVM is running with Unscaled Compressed Oops mode in which the Java heap is
#     placed in the first 4GB address space. The Java Heap base address is the
#     maximum limit for the native heap growth. Please use -XX:HeapBaseMinAddress
#     to set the Java Heap base and to place the Java Heap above 4GB virtual address.
# This output file may be truncated or incomplete.
#
#  Out of Memory Error (./src/hotspot/share/memory/arena.cpp:197), pid=28448, tid=8256
#
# JRE version: OpenJDK Runtime Environment (11.0.12+7) (build 11.0.12+7-b1504.28-7817840)
# Java VM: OpenJDK 64-Bit Server VM (11.0.12+7-b1504.28-7817840, mixed mode, tiered, compressed oops, g1 gc, windows-amd64)
# No core dump will be written. Minidumps are not enabled by default on client versions of Windows
#

---------------  S U M M A R Y ------------

Command Line: --add-opens=java.base/java.util=ALL-UNNAMED --add-opens=java.base/java.lang=ALL-UNNAMED --add-opens=java.base/java.lang.invoke=ALL-UNNAMED --add-opens=java.base/java.util=ALL-UNNAMED --add-opens=java.prefs/java.util.prefs=ALL-UNNAMED --add-opens=java.prefs/java.util.prefs=ALL-UNNAMED --add-opens=java.base/java.nio.charset=ALL-UNNAMED --add-opens=java.base/java.net=ALL-UNNAMED --add-opens=java.base/java.util.concurrent.atomic=ALL-UNNAMED -Xmx2048m -Dfile.encoding=UTF-8 -Duser.country=SK -Duser.language=sk -Duser.variant org.gradle.launcher.daemon.bootstrap.GradleDaemon 7.3.3

Host: Intel(R) Core(TM) i7-8550U CPU @ 1.80GHz, 8 cores, 15G,  Windows 10 , 64 bit Build 22000 (10.0.22000.675)
Time: Sat Jun 11 16:13:57 2022 Stredoeurópsky èas (letný) elapsed time: 17.618907 seconds (0d 0h 0m 17s)

---------------  T H R E A D  ---------------

Current thread (0x0000019f7da70800):  JavaThread "C2 CompilerThread1" daemon [_thread_in_native, id=8256, stack(0x0000003656f00000,0x0000003657000000)]


Current CompileTask:
C2:  17618 5966       4       groovyjarjarantlr4.v4.runtime.atn.ParserATNSimulator::closure (784 bytes)

Stack: [0x0000003656f00000,0x0000003657000000]
Native frames: (J=compiled Java code, j=interpreted, Vv=VM code, C=native code)
V  [jvm.dll+0x5fbcea]
V  [jvm.dll+0x731905]
V  [jvm.dll+0x732f1d]
V  [jvm.dll+0x7335d3]
V  [jvm.dll+0x247bf8]
V  [jvm.dll+0xc018c]
V  [jvm.dll+0xc06cc]
V  [jvm.dll+0x35b31d]
V  [jvm.dll+0x19d0bc]
V  [jvm.dll+0x20070e]
V  [jvm.dll+0x1ff794]
V  [jvm.dll+0x18868c]
V  [jvm.dll+0x20e0d7]
V  [jvm.dll+0x20c901]
V  [jvm.dll+0x6f9b7f]
V  [jvm.dll+0x6f26a5]
V  [jvm.dll+0x5fabf6]
C  [ucrtbase.dll+0x26c0c]
C  [KERNEL32.DLL+0x154e0]
C  [ntdll.dll+0x485b]


---------------  P R O C E S S  ---------------

Threads class SMR info:
_java_thread_list=0x0000019f031d1d10, length=123, elements={
0x0000019f602e1000, 0x0000019f7cfaa000, 0x0000019f7cfb7000, 0x0000019f7cfcf800,
0x0000019f7cfd1000, 0x0000019f7cfd6000, 0x0000019f7cfd7000, 0x0000019f7d026800,
0x0000019f7d039800, 0x0000019f7d18b000, 0x0000019f7d186000, 0x0000019f7d18a000,
0x0000019f7d187000, 0x0000019f7d188800, 0x0000019f7d187800, 0x0000019f7d18c000,
0x0000019f7d189800, 0x0000019f7d18c800, 0x0000019f0128c800, 0x0000019f0128e000,
0x0000019f0128a000, 0x0000019f0128b800, 0x0000019f0128d000, 0x0000019f0128a800,
0x0000019f0128f000, 0x0000019f01289000, 0x0000019f01295800, 0x0000019f01294800,
0x0000019f0128f800, 0x0000019f01291000, 0x0000019f01292000, 0x0000019f01293000,
0x0000019f01293800, 0x0000019f01296000, 0x0000019f01290800, 0x0000019f01297000,
0x0000019f01297800, 0x0000019f01437000, 0x0000019f0143d800, 0x0000019f01437800,
0x0000019f0143b000, 0x0000019f01438800, 0x0000019f01440800, 0x0000019f01442000,
0x0000019f01443000, 0x0000019f01441800, 0x0000019f0143f000, 0x0000019f01440000,
0x0000019f01444000, 0x0000019f0143e000, 0x0000019f01444800, 0x0000019f01445800,
0x0000019f02c08800, 0x0000019f02c09800, 0x0000019f02c0a000, 0x0000019f02c0b000,
0x0000019f02c0b800, 0x0000019f02c06000, 0x0000019f02c07000, 0x0000019f02c0c800,
0x0000019f02c0d800, 0x0000019f02c07800, 0x0000019f02c14000, 0x0000019f02c13000,
0x0000019f02c10000, 0x0000019f02c0e000, 0x0000019f02c10800, 0x0000019f02c14800,
0x0000019f02c0f000, 0x0000019f02c11800, 0x0000019f02c12800, 0x0000019f02b30800,
0x0000019f02b31800, 0x0000019f02b2e000, 0x0000019f02b32000, 0x0000019f02b2f800,
0x0000019f02b33000, 0x0000019f02b2d800, 0x0000019f02b2f000, 0x0000019f02b34000,
0x0000019f02bc6800, 0x0000019f02bc6000, 0x0000019f02bc2000, 0x0000019f02bc4800,
0x0000019f02bc1000, 0x0000019f02bc7800, 0x0000019f02bc8800, 0x0000019f02bc2800,
0x0000019f02bc9000, 0x0000019f02bc5000, 0x0000019f02bc3800, 0x0000019f02bcc800,
0x0000019f02bce000, 0x0000019f02bcf000, 0x0000019f02bcf800, 0x0000019f02bca000,
0x0000019f02bcb000, 0x0000019f02bcb800, 0x0000019f02bcd800, 0x0000019f02b76000,
0x0000019f02b73000, 0x0000019f02b73800, 0x0000019f02b77000, 0x0000019f02b71800,
0x0000019f02b78000, 0x0000019f02b74800, 0x0000019f02b75800, 0x0000019f02b72000,
0x0000019f02b78800, 0x0000019f02b7b000, 0x0000019f02b7d800, 0x0000019f02b79800,
0x0000019f02b7e800, 0x0000019f02b7f000, 0x0000019f02b7a800, 0x0000019f02b7c800,
0x0000019f02b80000, 0x0000019f02b7c000, 0x0000019f03249000, 0x0000019f03248000,
0x0000019f0324b800, 0x0000019f7da70800, 0x0000019f01bf8800
}

Java Threads: ( => current thread )
  0x0000019f602e1000 JavaThread "main" [_thread_blocked, id=13516, stack(0x000000364e700000,0x000000364e800000)]
  0x0000019f7cfaa000 JavaThread "Reference Handler" daemon [_thread_blocked, id=8724, stack(0x000000364ee00000,0x000000364ef00000)]
  0x0000019f7cfb7000 JavaThread "Finalizer" daemon [_thread_blocked, id=18888, stack(0x000000364ef00000,0x000000364f000000)]
  0x0000019f7cfcf800 JavaThread "Signal Dispatcher" daemon [_thread_blocked, id=3424, stack(0x000000364f000000,0x000000364f100000)]
  0x0000019f7cfd1000 JavaThread "Attach Listener" daemon [_thread_blocked, id=6876, stack(0x000000364f100000,0x000000364f200000)]
  0x0000019f7cfd6000 JavaThread "Service Thread" daemon [_thread_blocked, id=21988, stack(0x000000364f200000,0x000000364f300000)]
  0x0000019f7cfd7000 JavaThread "C2 CompilerThread0" daemon [_thread_blocked, id=27104, stack(0x000000364f300000,0x000000364f400000)]
  0x0000019f7d026800 JavaThread "C1 CompilerThread0" daemon [_thread_blocked, id=18184, stack(0x000000364f400000,0x000000364f500000)]
  0x0000019f7d039800 JavaThread "Sweeper thread" daemon [_thread_blocked, id=11556, stack(0x000000364f500000,0x000000364f600000)]
  0x0000019f7d18b000 JavaThread "Common-Cleaner" daemon [_thread_blocked, id=17820, stack(0x000000364f600000,0x000000364f700000)]
  0x0000019f7d186000 JavaThread "Daemon health stats" [_thread_blocked, id=13700, stack(0x000000364fe00000,0x000000364ff00000)]
  0x0000019f7d18a000 JavaThread "Incoming local TCP Connector on port 51785" [_thread_in_native, id=30300, stack(0x000000364f800000,0x000000364f900000)]
  0x0000019f7d187000 JavaThread "Daemon periodic checks" [_thread_blocked, id=23904, stack(0x000000364ff00000,0x0000003650000000)]
  0x0000019f7d188800 JavaThread "Daemon" [_thread_blocked, id=6528, stack(0x0000003650200000,0x0000003650300000)]
  0x0000019f7d187800 JavaThread "Handler for socket connection from /127.0.0.1:51785 to /127.0.0.1:51786" [_thread_in_native, id=6548, stack(0x0000003650300000,0x0000003650400000)]
  0x0000019f7d18c000 JavaThread "Cancel handler" [_thread_blocked, id=25096, stack(0x0000003650400000,0x0000003650500000)]
  0x0000019f7d189800 JavaThread "Daemon worker" [_thread_in_native, id=19608, stack(0x0000003650500000,0x0000003650600000)]
  0x0000019f7d18c800 JavaThread "Asynchronous log dispatcher for DefaultDaemonConnection: socket connection from /127.0.0.1:51785 to /127.0.0.1:51786" [_thread_blocked, id=27576, stack(0x0000003650600000,0x0000003650700000)]
  0x0000019f0128c800 JavaThread "Stdin handler" [_thread_blocked, id=3792, stack(0x0000003650700000,0x0000003650800000)]
  0x0000019f0128e000 JavaThread "Daemon client event forwarder" [_thread_blocked, id=31012, stack(0x0000003650800000,0x0000003650900000)]
  0x0000019f0128a000 JavaThread "Cache worker for journal cache (C:\Users\maros\.gradle\caches\journal-1)" [_thread_blocked, id=6812, stack(0x0000003650900000,0x0000003650a00000)]
  0x0000019f0128b800 JavaThread "File lock request listener" [_thread_in_native, id=22864, stack(0x0000003650a00000,0x0000003650b00000)]
  0x0000019f0128d000 JavaThread "Cache worker for file hash cache (C:\Users\maros\.gradle\caches\7.3.3\fileHashes)" [_thread_blocked, id=26384, stack(0x0000003650c00000,0x0000003650d00000)]
  0x0000019f0128a800 JavaThread "Cache worker for file hash cache (D:\Skola\2Rocnik4rok\VAMZ\SemestralnaPraca_Gorny\TrainingLogGorny\.gradle\7.3.3\fileHashes)" [_thread_blocked, id=3420, stack(0x0000003650e00000,0x0000003650f00000)]
  0x0000019f0128f000 JavaThread "File watcher server" daemon [_thread_in_native, id=27580, stack(0x0000003650d00000,0x0000003650e00000)]
  0x0000019f01289000 JavaThread "File watcher consumer" daemon [_thread_blocked, id=1112, stack(0x0000003650f00000,0x0000003651000000)]
  0x0000019f01295800 JavaThread "jar transforms" [_thread_blocked, id=27560, stack(0x0000003651000000,0x0000003651100000)]
  0x0000019f01294800 JavaThread "jar transforms Thread 2" [_thread_blocked, id=17604, stack(0x0000003651100000,0x0000003651200000)]
  0x0000019f0128f800 JavaThread "jar transforms Thread 3" [_thread_blocked, id=12024, stack(0x0000003651200000,0x0000003651300000)]
  0x0000019f01291000 JavaThread "jar transforms Thread 4" [_thread_blocked, id=3984, stack(0x0000003651300000,0x0000003651400000)]
  0x0000019f01292000 JavaThread "jar transforms Thread 5" [_thread_blocked, id=14208, stack(0x0000003651400000,0x0000003651500000)]
  0x0000019f01293000 JavaThread "jar transforms Thread 6" [_thread_blocked, id=3196, stack(0x0000003651500000,0x0000003651600000)]
  0x0000019f01293800 JavaThread "jar transforms Thread 7" [_thread_blocked, id=25020, stack(0x0000003651600000,0x0000003651700000)]
  0x0000019f01296000 JavaThread "jar transforms Thread 8" [_thread_blocked, id=26512, stack(0x0000003651700000,0x0000003651800000)]
  0x0000019f01290800 JavaThread "Cache worker for checksums cache (D:\Skola\2Rocnik4rok\VAMZ\SemestralnaPraca_Gorny\TrainingLogGorny\.gradle\7.3.3\checksums)" [_thread_blocked, id=21012, stack(0x0000003651800000,0x0000003651900000)]
  0x0000019f01297000 JavaThread "Cache worker for cache directory md-supplier (C:\Users\maros\.gradle\caches\7.3.3\md-supplier)" [_thread_blocked, id=25604, stack(0x0000003651900000,0x0000003651a00000)]
  0x0000019f01297800 JavaThread "Cache worker for cache directory md-rule (C:\Users\maros\.gradle\caches\7.3.3\md-rule)" [_thread_blocked, id=9068, stack(0x0000003651a00000,0x0000003651b00000)]
  0x0000019f01437000 JavaThread "Cache worker for execution history cache (C:\Users\maros\.gradle\caches\7.3.3\executionHistory)" [_thread_blocked, id=15276, stack(0x0000003651b00000,0x0000003651c00000)]
  0x0000019f0143d800 JavaThread "Cache worker for file content cache (C:\Users\maros\.gradle\caches\7.3.3\fileContent)" [_thread_blocked, id=29120, stack(0x0000003651e00000,0x0000003651f00000)]
  0x0000019f01437800 JavaThread "Cache worker for dependencies-accessors (D:\Skola\2Rocnik4rok\VAMZ\SemestralnaPraca_Gorny\TrainingLogGorny\.gradle\7.3.3\dependencies-accessors)" [_thread_blocked, id=26392, stack(0x0000003651f00000,0x0000003652000000)]
  0x0000019f0143b000 JavaThread "Cache worker for Build Output Cleanup Cache (D:\Skola\2Rocnik4rok\VAMZ\SemestralnaPraca_Gorny\TrainingLogGorny\.gradle\buildOutputCleanup)" [_thread_blocked, id=2016, stack(0x0000003652000000,0x0000003652100000)]
  0x0000019f01438800 JavaThread "Unconstrained build operations" [_thread_blocked, id=20384, stack(0x0000003651c00000,0x0000003651d00000)]
  0x0000019f01440800 JavaThread "Unconstrained build operations Thread 2" [_thread_blocked, id=32948, stack(0x0000003651d00000,0x0000003651e00000)]
  0x0000019f01442000 JavaThread "Unconstrained build operations Thread 3" [_thread_blocked, id=22780, stack(0x0000003652100000,0x0000003652200000)]
  0x0000019f01443000 JavaThread "Unconstrained build operations Thread 4" [_thread_blocked, id=20260, stack(0x0000003652200000,0x0000003652300000)]
  0x0000019f01441800 JavaThread "Unconstrained build operations Thread 5" [_thread_blocked, id=12484, stack(0x0000003652300000,0x0000003652400000)]
  0x0000019f0143f000 JavaThread "Unconstrained build operations Thread 6" [_thread_blocked, id=28360, stack(0x0000003652400000,0x0000003652500000)]
  0x0000019f01440000 JavaThread "Unconstrained build operations Thread 7" [_thread_blocked, id=13696, stack(0x0000003652500000,0x0000003652600000)]
  0x0000019f01444000 JavaThread "Unconstrained build operations Thread 8" [_thread_blocked, id=7752, stack(0x0000003652600000,0x0000003652700000)]
  0x0000019f0143e000 JavaThread "Unconstrained build operations Thread 9" [_thread_blocked, id=7576, stack(0x0000003652700000,0x0000003652800000)]
  0x0000019f01444800 JavaThread "Unconstrained build operations Thread 10" [_thread_blocked, id=24812, stack(0x0000003652800000,0x0000003652900000)]
  0x0000019f01445800 JavaThread "Unconstrained build operations Thread 11" [_thread_blocked, id=5980, stack(0x0000003652900000,0x0000003652a00000)]
  0x0000019f02c08800 JavaThread "Unconstrained build operations Thread 12" [_thread_blocked, id=29144, stack(0x0000003652a00000,0x0000003652b00000)]
  0x0000019f02c09800 JavaThread "Unconstrained build operations Thread 13" [_thread_blocked, id=30144, stack(0x0000003652b00000,0x0000003652c00000)]
  0x0000019f02c0a000 JavaThread "Unconstrained build operations Thread 14" [_thread_blocked, id=20140, stack(0x0000003652c00000,0x0000003652d00000)]
  0x0000019f02c0b000 JavaThread "Unconstrained build operations Thread 15" [_thread_blocked, id=11108, stack(0x0000003652d00000,0x0000003652e00000)]
  0x0000019f02c0b800 JavaThread "Unconstrained build operations Thread 16" [_thread_blocked, id=24392, stack(0x0000003652e00000,0x0000003652f00000)]
  0x0000019f02c06000 JavaThread "Unconstrained build operations Thread 17" [_thread_blocked, id=10964, stack(0x0000003652f00000,0x0000003653000000)]
  0x0000019f02c07000 JavaThread "Unconstrained build operations Thread 18" [_thread_blocked, id=29064, stack(0x0000003653000000,0x0000003653100000)]
  0x0000019f02c0c800 JavaThread "Unconstrained build operations Thread 19" [_thread_blocked, id=19524, stack(0x0000003653100000,0x0000003653200000)]
  0x0000019f02c0d800 JavaThread "Unconstrained build operations Thread 20" [_thread_blocked, id=31416, stack(0x0000003653200000,0x0000003653300000)]
  0x0000019f02c07800 JavaThread "Unconstrained build operations Thread 21" [_thread_blocked, id=11640, stack(0x0000003653300000,0x0000003653400000)]
  0x0000019f02c14000 JavaThread "Unconstrained build operations Thread 22" [_thread_blocked, id=5532, stack(0x0000003653400000,0x0000003653500000)]
  0x0000019f02c13000 JavaThread "Unconstrained build operations Thread 23" [_thread_blocked, id=19288, stack(0x0000003653500000,0x0000003653600000)]
  0x0000019f02c10000 JavaThread "Unconstrained build operations Thread 24" [_thread_blocked, id=8628, stack(0x0000003653600000,0x0000003653700000)]
  0x0000019f02c0e000 JavaThread "Unconstrained build operations Thread 25" [_thread_blocked, id=20156, stack(0x0000003653700000,0x0000003653800000)]
  0x0000019f02c10800 JavaThread "Unconstrained build operations Thread 26" [_thread_blocked, id=28356, stack(0x0000003653800000,0x0000003653900000)]
  0x0000019f02c14800 JavaThread "Unconstrained build operations Thread 27" [_thread_blocked, id=2548, stack(0x0000003653900000,0x0000003653a00000)]
  0x0000019f02c0f000 JavaThread "Unconstrained build operations Thread 28" [_thread_blocked, id=11644, stack(0x0000003653a00000,0x0000003653b00000)]
  0x0000019f02c11800 JavaThread "Unconstrained build operations Thread 29" [_thread_blocked, id=27984, stack(0x0000003653b00000,0x0000003653c00000)]
  0x0000019f02c12800 JavaThread "Unconstrained build operations Thread 30" [_thread_blocked, id=6680, stack(0x0000003653c00000,0x0000003653d00000)]
  0x0000019f02b30800 JavaThread "Unconstrained build operations Thread 31" [_thread_blocked, id=7876, stack(0x0000003653d00000,0x0000003653e00000)]
  0x0000019f02b31800 JavaThread "Unconstrained build operations Thread 32" [_thread_blocked, id=30664, stack(0x0000003653e00000,0x0000003653f00000)]
  0x0000019f02b2e000 JavaThread "Unconstrained build operations Thread 33" [_thread_blocked, id=13788, stack(0x0000003653f00000,0x0000003654000000)]
  0x0000019f02b32000 JavaThread "Unconstrained build operations Thread 34" [_thread_blocked, id=7768, stack(0x0000003654000000,0x0000003654100000)]
  0x0000019f02b2f800 JavaThread "Unconstrained build operations Thread 35" [_thread_blocked, id=10728, stack(0x0000003654100000,0x0000003654200000)]
  0x0000019f02b33000 JavaThread "Unconstrained build operations Thread 36" [_thread_blocked, id=4796, stack(0x0000003654200000,0x0000003654300000)]
  0x0000019f02b2d800 JavaThread "Unconstrained build operations Thread 37" [_thread_blocked, id=13352, stack(0x0000003654300000,0x0000003654400000)]
  0x0000019f02b2f000 JavaThread "Unconstrained build operations Thread 38" [_thread_blocked, id=27016, stack(0x0000003654400000,0x0000003654500000)]
  0x0000019f02b34000 JavaThread "Unconstrained build operations Thread 39" [_thread_blocked, id=23948, stack(0x0000003654500000,0x0000003654600000)]
  0x0000019f02bc6800 JavaThread "Unconstrained build operations Thread 40" [_thread_blocked, id=19232, stack(0x0000003654600000,0x0000003654700000)]
  0x0000019f02bc6000 JavaThread "Unconstrained build operations Thread 41" [_thread_blocked, id=16340, stack(0x0000003654700000,0x0000003654800000)]
  0x0000019f02bc2000 JavaThread "Unconstrained build operations Thread 42" [_thread_blocked, id=21332, stack(0x0000003654800000,0x0000003654900000)]
  0x0000019f02bc4800 JavaThread "Unconstrained build operations Thread 43" [_thread_blocked, id=4236, stack(0x0000003654900000,0x0000003654a00000)]
  0x0000019f02bc1000 JavaThread "Unconstrained build operations Thread 44" [_thread_blocked, id=23908, stack(0x0000003654a00000,0x0000003654b00000)]
  0x0000019f02bc7800 JavaThread "Unconstrained build operations Thread 45" [_thread_blocked, id=29384, stack(0x0000003654b00000,0x0000003654c00000)]
  0x0000019f02bc8800 JavaThread "Unconstrained build operations Thread 46" [_thread_blocked, id=13032, stack(0x0000003654c00000,0x0000003654d00000)]
  0x0000019f02bc2800 JavaThread "Unconstrained build operations Thread 47" [_thread_blocked, id=13088, stack(0x0000003654d00000,0x0000003654e00000)]
  0x0000019f02bc9000 JavaThread "Unconstrained build operations Thread 48" [_thread_blocked, id=31572, stack(0x0000003654e00000,0x0000003654f00000)]
  0x0000019f02bc5000 JavaThread "Unconstrained build operations Thread 49" [_thread_blocked, id=24732, stack(0x0000003654f00000,0x0000003655000000)]
  0x0000019f02bc3800 JavaThread "Unconstrained build operations Thread 50" [_thread_blocked, id=24512, stack(0x0000003655000000,0x0000003655100000)]
  0x0000019f02bcc800 JavaThread "Unconstrained build operations Thread 51" [_thread_blocked, id=11332, stack(0x0000003655100000,0x0000003655200000)]
  0x0000019f02bce000 JavaThread "Unconstrained build operations Thread 52" [_thread_blocked, id=17800, stack(0x0000003655200000,0x0000003655300000)]
  0x0000019f02bcf000 JavaThread "Unconstrained build operations Thread 53" [_thread_blocked, id=13260, stack(0x0000003655300000,0x0000003655400000)]
  0x0000019f02bcf800 JavaThread "Unconstrained build operations Thread 54" [_thread_blocked, id=7108, stack(0x0000003655400000,0x0000003655500000)]
  0x0000019f02bca000 JavaThread "Unconstrained build operations Thread 55" [_thread_blocked, id=9864, stack(0x0000003655500000,0x0000003655600000)]
  0x0000019f02bcb000 JavaThread "Unconstrained build operations Thread 56" [_thread_blocked, id=27920, stack(0x0000003655600000,0x0000003655700000)]
  0x0000019f02bcb800 JavaThread "Unconstrained build operations Thread 57" [_thread_blocked, id=11804, stack(0x0000003655700000,0x0000003655800000)]
  0x0000019f02bcd800 JavaThread "Unconstrained build operations Thread 58" [_thread_blocked, id=17864, stack(0x0000003655800000,0x0000003655900000)]
  0x0000019f02b76000 JavaThread "Unconstrained build operations Thread 59" [_thread_blocked, id=1236, stack(0x0000003655900000,0x0000003655a00000)]
  0x0000019f02b73000 JavaThread "Unconstrained build operations Thread 60" [_thread_blocked, id=32412, stack(0x0000003655a00000,0x0000003655b00000)]
  0x0000019f02b73800 JavaThread "Unconstrained build operations Thread 61" [_thread_blocked, id=27552, stack(0x0000003655b00000,0x0000003655c00000)]
  0x0000019f02b77000 JavaThread "Unconstrained build operations Thread 62" [_thread_blocked, id=16628, stack(0x0000003655c00000,0x0000003655d00000)]
  0x0000019f02b71800 JavaThread "Unconstrained build operations Thread 63" [_thread_blocked, id=3296, stack(0x0000003655d00000,0x0000003655e00000)]
  0x0000019f02b78000 JavaThread "Unconstrained build operations Thread 64" [_thread_blocked, id=28348, stack(0x0000003655e00000,0x0000003655f00000)]
  0x0000019f02b74800 JavaThread "Unconstrained build operations Thread 65" [_thread_blocked, id=17428, stack(0x0000003655f00000,0x0000003656000000)]
  0x0000019f02b75800 JavaThread "Unconstrained build operations Thread 66" [_thread_blocked, id=5884, stack(0x0000003656000000,0x0000003656100000)]
  0x0000019f02b72000 JavaThread "Unconstrained build operations Thread 67" [_thread_blocked, id=16472, stack(0x0000003656100000,0x0000003656200000)]
  0x0000019f02b78800 JavaThread "Unconstrained build operations Thread 68" [_thread_blocked, id=30476, stack(0x0000003656200000,0x0000003656300000)]
  0x0000019f02b7b000 JavaThread "Unconstrained build operations Thread 69" [_thread_blocked, id=20748, stack(0x0000003656300000,0x0000003656400000)]
  0x0000019f02b7d800 JavaThread "Unconstrained build operations Thread 70" [_thread_blocked, id=12556, stack(0x0000003656400000,0x0000003656500000)]
  0x0000019f02b79800 JavaThread "Unconstrained build operations Thread 71" [_thread_blocked, id=10872, stack(0x0000003656500000,0x0000003656600000)]
  0x0000019f02b7e800 JavaThread "Unconstrained build operations Thread 72" [_thread_blocked, id=33432, stack(0x0000003656600000,0x0000003656700000)]
  0x0000019f02b7f000 JavaThread "Unconstrained build operations Thread 73" [_thread_blocked, id=33672, stack(0x0000003656700000,0x0000003656800000)]
  0x0000019f02b7a800 JavaThread "Unconstrained build operations Thread 74" [_thread_blocked, id=2228, stack(0x0000003656800000,0x0000003656900000)]
  0x0000019f02b7c800 JavaThread "Unconstrained build operations Thread 75" [_thread_blocked, id=16520, stack(0x0000003656900000,0x0000003656a00000)]
  0x0000019f02b80000 JavaThread "Unconstrained build operations Thread 76" [_thread_blocked, id=23380, stack(0x0000003656a00000,0x0000003656b00000)]
  0x0000019f02b7c000 JavaThread "Unconstrained build operations Thread 77" [_thread_blocked, id=23744, stack(0x0000003656b00000,0x0000003656c00000)]
  0x0000019f03249000 JavaThread "Unconstrained build operations Thread 78" [_thread_blocked, id=33720, stack(0x0000003656c00000,0x0000003656d00000)]
  0x0000019f03248000 JavaThread "Unconstrained build operations Thread 79" [_thread_blocked, id=19684, stack(0x0000003656d00000,0x0000003656e00000)]
  0x0000019f0324b800 JavaThread "Unconstrained build operations Thread 80" [_thread_blocked, id=24740, stack(0x0000003656e00000,0x0000003656f00000)]
=>0x0000019f7da70800 JavaThread "C2 CompilerThread1" daemon [_thread_in_native, id=8256, stack(0x0000003656f00000,0x0000003657000000)]
  0x0000019f01bf8800 JavaThread "C2 CompilerThread2" daemon [_thread_in_native, id=9380, stack(0x0000003657300000,0x0000003657400000)]

Other Threads:
  0x0000019f7cfa8000 VMThread "VM Thread" [stack: 0x000000364ed00000,0x000000364ee00000] [id=4816]
  0x0000019f7d1d2800 WatcherThread [stack: 0x000000364f700000,0x000000364f800000] [id=18708]
  0x0000019f602fb800 GCTaskThread "GC Thread#0" [stack: 0x000000364e800000,0x000000364e900000] [id=9104]
  0x0000019f7e46c800 GCTaskThread "GC Thread#1" [stack: 0x000000364f900000,0x000000364fa00000] [id=1744]
  0x0000019f7dc78800 GCTaskThread "GC Thread#2" [stack: 0x000000364fa00000,0x000000364fb00000] [id=28292]
  0x0000019f7dc79800 GCTaskThread "GC Thread#3" [stack: 0x000000364fb00000,0x000000364fc00000] [id=29752]
  0x0000019f7dbec000 GCTaskThread "GC Thread#4" [stack: 0x000000364fc00000,0x000000364fd00000] [id=23488]
  0x0000019f7dbec800 GCTaskThread "GC Thread#5" [stack: 0x000000364fd00000,0x000000364fe00000] [id=18176]
  0x0000019f7dca7000 GCTaskThread "GC Thread#6" [stack: 0x0000003650000000,0x0000003650100000] [id=17856]
  0x0000019f00158000 GCTaskThread "GC Thread#7" [stack: 0x0000003650100000,0x0000003650200000] [id=10560]
  0x0000019f6032c000 ConcurrentGCThread "G1 Main Marker" [stack: 0x000000364e900000,0x000000364ea00000] [id=21196]
  0x0000019f6032d000 ConcurrentGCThread "G1 Conc#0" [stack: 0x000000364ea00000,0x000000364eb00000] [id=27836]
  0x0000019f0057e000 ConcurrentGCThread "G1 Conc#1" [stack: 0x0000003650b00000,0x0000003650c00000] [id=22048]
  0x0000019f603be800 ConcurrentGCThread "G1 Refine#0" [stack: 0x000000364eb00000,0x000000364ec00000] [id=21180]
  0x0000019f0598c800 ConcurrentGCThread "G1 Refine#1" [stack: 0x0000003657000000,0x0000003657100000] [id=23984]
  0x0000019f7dd81000 ConcurrentGCThread "G1 Refine#2" [stack: 0x0000003657100000,0x0000003657200000] [id=32192]
  0x0000019f05c2f800 ConcurrentGCThread "G1 Refine#3" [stack: 0x0000003657200000,0x0000003657300000] [id=25728]
  0x0000019f7c5f3000 ConcurrentGCThread "G1 Young RemSet Sampling" [stack: 0x000000364ec00000,0x000000364ed00000] [id=10480]

Threads with active compile tasks:
C2 CompilerThread1  17743 5966       4       groovyjarjarantlr4.v4.runtime.atn.ParserATNSimulator::closure (784 bytes)

VM state:not at safepoint (normal execution)

VM Mutex/Monitor currently owned by a thread: None

Heap address: 0x0000000080000000, size: 2048 MB, Compressed Oops mode: 32-bit
Narrow klass base: 0x0000000000000000, Narrow klass shift: 3
Compressed class space size: 1073741824 Address: 0x0000000100000000

Heap:
 garbage-first heap   total 262144K, used 116435K [0x0000000080000000, 0x0000000100000000)
  region size 1024K, 60 young (61440K), 18 survivors (18432K)
 Metaspace       used 55949K, capacity 57585K, committed 57856K, reserved 1099776K
  class space    used 7288K, capacity 7862K, committed 7936K, reserved 1048576K
Heap Regions: E=young(eden), S=young(survivor), O=old, HS=humongous(starts), HC=humongous(continues), CS=collection set, F=free, A=archive, TAMS=top-at-mark-start (previous, next)
|   0|0x0000000080000000, 0x0000000080100000, 0x0000000080100000|100%| O|  |TAMS 0x0000000080100000, 0x0000000080000000| Untracked 
|   1|0x0000000080100000, 0x0000000080200000, 0x0000000080200000|100%| O|  |TAMS 0x0000000080200000, 0x0000000080100000| Untracked 
|   2|0x0000000080200000, 0x0000000080300000, 0x0000000080300000|100%| O|  |TAMS 0x0000000080300000, 0x0000000080200000| Untracked 
|   3|0x0000000080300000, 0x0000000080400000, 0x0000000080400000|100%|HS|  |TAMS 0x0000000080400000, 0x0000000080300000| Complete 
|   4|0x0000000080400000, 0x0000000080500000, 0x0000000080500000|100%|HC|  |TAMS 0x0000000080500000, 0x0000000080400000| Complete 
|   5|0x0000000080500000, 0x0000000080600000, 0x0000000080600000|100%|HC|  |TAMS 0x0000000080600000, 0x0000000080500000| Complete 
|   6|0x0000000080600000, 0x0000000080700000, 0x0000000080700000|100%| O|  |TAMS 0x0000000080700000, 0x0000000080600000| Untracked 
|   7|0x0000000080700000, 0x0000000080800000, 0x0000000080800000|100%| O|  |TAMS 0x0000000080800000, 0x0000000080700000| Untracked 
|   8|0x0000000080800000, 0x0000000080900000, 0x0000000080900000|100%| O|  |TAMS 0x0000000080900000, 0x0000000080800000| Untracked 
|   9|0x0000000080900000, 0x0000000080a00000, 0x0000000080a00000|100%| O|  |TAMS 0x0000000080a00000, 0x0000000080900000| Untracked 
|  10|0x0000000080a00000, 0x0000000080b00000, 0x0000000080b00000|100%| O|  |TAMS 0x0000000080b00000, 0x0000000080a00000| Untracked 
|  11|0x0000000080b00000, 0x0000000080c00000, 0x0000000080c00000|100%| O|  |TAMS 0x0000000080c00000, 0x0000000080b00000| Untracked 
|  12|0x0000000080c00000, 0x0000000080d00000, 0x0000000080d00000|100%| O|  |TAMS 0x0000000080d00000, 0x0000000080c00000| Untracked 
|  13|0x0000000080d00000, 0x0000000080e00000, 0x0000000080e00000|100%| O|  |TAMS 0x0000000080e00000, 0x0000000080d00000| Untracked 
|  14|0x0000000080e00000, 0x0000000080f00000, 0x0000000080f00000|100%| O|  |TAMS 0x0000000080f00000, 0x0000000080e00000| Untracked 
|  15|0x0000000080f00000, 0x0000000081000000, 0x0000000081000000|100%| O|  |TAMS 0x0000000080f05800, 0x0000000080f00000| Untracked 
|  16|0x0000000081000000, 0x0000000081100000, 0x0000000081100000|100%|HS|  |TAMS 0x0000000081100000, 0x0000000081000000| Complete 
|  17|0x0000000081100000, 0x0000000081200000, 0x0000000081200000|100%|HC|  |TAMS 0x0000000081200000, 0x0000000081100000| Complete 
|  18|0x0000000081200000, 0x0000000081300000, 0x0000000081300000|100%|HS|  |TAMS 0x0000000081300000, 0x0000000081200000| Complete 
|  19|0x0000000081300000, 0x0000000081400000, 0x0000000081400000|100%|HC|  |TAMS 0x0000000081400000, 0x0000000081300000| Complete 
|  20|0x0000000081400000, 0x0000000081500000, 0x0000000081500000|100%|HC|  |TAMS 0x0000000081500000, 0x0000000081400000| Complete 
|  21|0x0000000081500000, 0x0000000081600000, 0x0000000081600000|100%|HS|  |TAMS 0x0000000081600000, 0x0000000081500000| Complete 
|  22|0x0000000081600000, 0x0000000081700000, 0x0000000081700000|100%|HS|  |TAMS 0x0000000081700000, 0x0000000081600000| Complete 
|  23|0x0000000081700000, 0x0000000081800000, 0x0000000081800000|100%|HC|  |TAMS 0x0000000081800000, 0x0000000081700000| Complete 
|  24|0x0000000081800000, 0x0000000081900000, 0x0000000081900000|100%|HC|  |TAMS 0x0000000081900000, 0x0000000081800000| Complete 
|  25|0x0000000081900000, 0x0000000081a00000, 0x0000000081a00000|100%|HC|  |TAMS 0x0000000081a00000, 0x0000000081900000| Complete 
|  26|0x0000000081a00000, 0x0000000081b00000, 0x0000000081b00000|100%|HS|  |TAMS 0x0000000081a00000, 0x0000000081a00000| Complete 
|  27|0x0000000081b00000, 0x0000000081c00000, 0x0000000081c00000|100%|HS|  |TAMS 0x0000000081b00000, 0x0000000081b00000| Complete 
|  28|0x0000000081c00000, 0x0000000081d00000, 0x0000000081d00000|100%|HS|  |TAMS 0x0000000081c00000, 0x0000000081c00000| Complete 
|  29|0x0000000081d00000, 0x0000000081e00000, 0x0000000081e00000|100%|HS|  |TAMS 0x0000000081d00000, 0x0000000081d00000| Complete 
|  30|0x0000000081e00000, 0x0000000081f00000, 0x0000000081f00000|100%|HC|  |TAMS 0x0000000081e00000, 0x0000000081e00000| Complete 
|  31|0x0000000081f00000, 0x0000000082000000, 0x0000000082000000|100%|HC|  |TAMS 0x0000000081f00000, 0x0000000081f00000| Complete 
|  32|0x0000000082000000, 0x0000000082100000, 0x0000000082100000|100%|HS|  |TAMS 0x0000000082000000, 0x0000000082000000| Complete 
|  33|0x0000000082100000, 0x0000000082200000, 0x0000000082200000|100%| O|  |TAMS 0x0000000082100000, 0x0000000082100000| Untracked 
|  34|0x0000000082200000, 0x0000000082300000, 0x0000000082300000|100%| O|  |TAMS 0x0000000082200000, 0x0000000082200000| Untracked 
|  35|0x0000000082300000, 0x0000000082400000, 0x0000000082400000|100%| O|  |TAMS 0x0000000082300000, 0x0000000082300000| Untracked 
|  36|0x0000000082400000, 0x0000000082500000, 0x0000000082500000|100%|HS|  |TAMS 0x0000000082400000, 0x0000000082400000| Complete 
|  37|0x0000000082500000, 0x0000000082600000, 0x0000000082600000|100%|HC|  |TAMS 0x0000000082500000, 0x0000000082500000| Complete 
|  38|0x0000000082600000, 0x0000000082700000, 0x0000000082700000|100%|HC|  |TAMS 0x0000000082600000, 0x0000000082600000| Complete 
|  39|0x0000000082700000, 0x0000000082800000, 0x0000000082800000|100%|HC|  |TAMS 0x0000000082700000, 0x0000000082700000| Complete 
|  40|0x0000000082800000, 0x0000000082900000, 0x0000000082900000|100%|HS|  |TAMS 0x0000000082800000, 0x0000000082800000| Complete 
|  41|0x0000000082900000, 0x0000000082a00000, 0x0000000082a00000|100%|HC|  |TAMS 0x0000000082900000, 0x0000000082900000| Complete 
|  42|0x0000000082a00000, 0x0000000082b00000, 0x0000000082b00000|100%|HC|  |TAMS 0x0000000082a00000, 0x0000000082a00000| Complete 
|  43|0x0000000082b00000, 0x0000000082c00000, 0x0000000082c00000|100%|HS|  |TAMS 0x0000000082b00000, 0x0000000082b00000| Complete 
|  44|0x0000000082c00000, 0x0000000082d00000, 0x0000000082d00000|100%|HC|  |TAMS 0x0000000082c00000, 0x0000000082c00000| Complete 
|  45|0x0000000082d00000, 0x0000000082e00000, 0x0000000082e00000|100%| O|  |TAMS 0x0000000082d00000, 0x0000000082d00000| Untracked 
|  46|0x0000000082e00000, 0x0000000082f00000, 0x0000000082f00000|100%| O|  |TAMS 0x0000000082e00000, 0x0000000082e00000| Untracked 
|  47|0x0000000082f00000, 0x0000000083000000, 0x0000000083000000|100%| O|  |TAMS 0x0000000082f00000, 0x0000000082f00000| Untracked 
|  48|0x0000000083000000, 0x0000000083100000, 0x0000000083100000|100%| O|  |TAMS 0x0000000083000000, 0x0000000083000000| Untracked 
|  49|0x0000000083100000, 0x0000000083200000, 0x0000000083200000|100%| O|  |TAMS 0x0000000083100000, 0x0000000083100000| Untracked 
|  50|0x0000000083200000, 0x0000000083300000, 0x0000000083300000|100%| O|  |TAMS 0x0000000083200000, 0x0000000083200000| Untracked 
|  51|0x0000000083300000, 0x0000000083400000, 0x0000000083400000|100%| O|  |TAMS 0x0000000083300000, 0x0000000083300000| Untracked 
|  52|0x0000000083400000, 0x0000000083500000, 0x0000000083500000|100%| O|  |TAMS 0x0000000083400000, 0x0000000083400000| Untracked 
|  53|0x0000000083500000, 0x0000000083600000, 0x0000000083600000|100%| O|  |TAMS 0x0000000083500000, 0x0000000083500000| Untracked 
|  54|0x0000000083600000, 0x00000000836b4c00, 0x0000000083700000| 70%| O|  |TAMS 0x0000000083600000, 0x0000000083600000| Untracked 
|  55|0x0000000083700000, 0x0000000083700000, 0x0000000083800000|  0%| F|  |TAMS 0x0000000083700000, 0x0000000083700000| Untracked 
|  56|0x0000000083800000, 0x0000000083800000, 0x0000000083900000|  0%| F|  |TAMS 0x0000000083800000, 0x0000000083800000| Untracked 
|  57|0x0000000083900000, 0x0000000083900000, 0x0000000083a00000|  0%| F|  |TAMS 0x0000000083900000, 0x0000000083900000| Untracked 
|  58|0x0000000083a00000, 0x0000000083a00000, 0x0000000083b00000|  0%| F|  |TAMS 0x0000000083a00000, 0x0000000083a00000| Untracked 
|  59|0x0000000083b00000, 0x0000000083b00000, 0x0000000083c00000|  0%| F|  |TAMS 0x0000000083b00000, 0x0000000083b00000| Untracked 
|  60|0x0000000083c00000, 0x0000000083c00000, 0x0000000083d00000|  0%| F|  |TAMS 0x0000000083c00000, 0x0000000083c00000| Untracked 
|  61|0x0000000083d00000, 0x0000000083d00000, 0x0000000083e00000|  0%| F|  |TAMS 0x0000000083d00000, 0x0000000083d00000| Untracked 
|  62|0x0000000083e00000, 0x0000000083e00000, 0x0000000083f00000|  0%| F|  |TAMS 0x0000000083e00000, 0x0000000083e00000| Untracked 
|  63|0x0000000083f00000, 0x0000000083f00000, 0x0000000084000000|  0%| F|  |TAMS 0x0000000083f00000, 0x0000000083f00000| Untracked 
|  64|0x0000000084000000, 0x0000000084000000, 0x0000000084100000|  0%| F|  |TAMS 0x0000000084000000, 0x0000000084000000| Untracked 
|  65|0x0000000084100000, 0x0000000084100000, 0x0000000084200000|  0%| F|  |TAMS 0x0000000084100000, 0x0000000084100000| Untracked 
|  66|0x0000000084200000, 0x0000000084200000, 0x0000000084300000|  0%| F|  |TAMS 0x0000000084200000, 0x0000000084200000| Untracked 
|  67|0x0000000084300000, 0x0000000084300000, 0x0000000084400000|  0%| F|  |TAMS 0x0000000084300000, 0x0000000084300000| Untracked 
|  68|0x0000000084400000, 0x0000000084400000, 0x0000000084500000|  0%| F|  |TAMS 0x0000000084400000, 0x0000000084400000| Untracked 
|  69|0x0000000084500000, 0x0000000084500000, 0x0000000084600000|  0%| F|  |TAMS 0x0000000084500000, 0x0000000084500000| Untracked 
|  70|0x0000000084600000, 0x0000000084600000, 0x0000000084700000|  0%| F|  |TAMS 0x0000000084600000, 0x0000000084600000| Untracked 
|  71|0x0000000084700000, 0x0000000084700000, 0x0000000084800000|  0%| F|  |TAMS 0x0000000084700000, 0x0000000084700000| Untracked 
|  72|0x0000000084800000, 0x0000000084800000, 0x0000000084900000|  0%| F|  |TAMS 0x0000000084800000, 0x0000000084800000| Untracked 
|  73|0x0000000084900000, 0x0000000084900000, 0x0000000084a00000|  0%| F|  |TAMS 0x0000000084900000, 0x0000000084900000| Untracked 
|  74|0x0000000084a00000, 0x0000000084a00000, 0x0000000084b00000|  0%| F|  |TAMS 0x0000000084a00000, 0x0000000084a00000| Untracked 
|  75|0x0000000084b00000, 0x0000000084b00000, 0x0000000084c00000|  0%| F|  |TAMS 0x0000000084b00000, 0x0000000084b00000| Untracked 
|  76|0x0000000084c00000, 0x0000000084c00000, 0x0000000084d00000|  0%| F|  |TAMS 0x0000000084c00000, 0x0000000084c00000| Untracked 
|  77|0x0000000084d00000, 0x0000000084d00000, 0x0000000084e00000|  0%| F|  |TAMS 0x0000000084d00000, 0x0000000084d00000| Untracked 
|  78|0x0000000084e00000, 0x0000000084e00000, 0x0000000084f00000|  0%| F|  |TAMS 0x0000000084e00000, 0x0000000084e00000| Untracked 
|  79|0x0000000084f00000, 0x0000000084f00000, 0x0000000085000000|  0%| F|  |TAMS 0x0000000084f00000, 0x0000000084f00000| Untracked 
|  80|0x0000000085000000, 0x0000000085000000, 0x0000000085100000|  0%| F|  |TAMS 0x0000000085000000, 0x0000000085000000| Untracked 
|  81|0x0000000085100000, 0x0000000085100000, 0x0000000085200000|  0%| F|  |TAMS 0x0000000085100000, 0x0000000085100000| Untracked 
|  82|0x0000000085200000, 0x0000000085200000, 0x0000000085300000|  0%| F|  |TAMS 0x0000000085200000, 0x0000000085200000| Untracked 
|  83|0x0000000085300000, 0x0000000085300000, 0x0000000085400000|  0%| F|  |TAMS 0x0000000085300000, 0x0000000085300000| Untracked 
|  84|0x0000000085400000, 0x0000000085400000, 0x0000000085500000|  0%| F|  |TAMS 0x0000000085400000, 0x0000000085400000| Untracked 
|  85|0x0000000085500000, 0x0000000085500000, 0x0000000085600000|  0%| F|  |TAMS 0x0000000085500000, 0x0000000085500000| Untracked 
|  86|0x0000000085600000, 0x0000000085600000, 0x0000000085700000|  0%| F|  |TAMS 0x0000000085600000, 0x0000000085600000| Untracked 
|  87|0x0000000085700000, 0x0000000085700000, 0x0000000085800000|  0%| F|  |TAMS 0x0000000085700000, 0x0000000085700000| Untracked 
|  88|0x0000000085800000, 0x0000000085800000, 0x0000000085900000|  0%| F|  |TAMS 0x0000000085800000, 0x0000000085800000| Untracked 
|  89|0x0000000085900000, 0x0000000085900000, 0x0000000085a00000|  0%| F|  |TAMS 0x0000000085900000, 0x0000000085900000| Untracked 
|  90|0x0000000085a00000, 0x0000000085a00000, 0x0000000085b00000|  0%| F|  |TAMS 0x0000000085a00000, 0x0000000085a00000| Untracked 
|  91|0x0000000085b00000, 0x0000000085b00000, 0x0000000085c00000|  0%| F|  |TAMS 0x0000000085b00000, 0x0000000085b00000| Untracked 
|  92|0x0000000085c00000, 0x0000000085c00000, 0x0000000085d00000|  0%| F|  |TAMS 0x0000000085c00000, 0x0000000085c00000| Untracked 
|  93|0x0000000085d00000, 0x0000000085d00000, 0x0000000085e00000|  0%| F|  |TAMS 0x0000000085d00000, 0x0000000085d00000| Untracked 
|  94|0x0000000085e00000, 0x0000000085e00000, 0x0000000085f00000|  0%| F|  |TAMS 0x0000000085e00000, 0x0000000085e00000| Untracked 
|  95|0x0000000085f00000, 0x0000000085f00000, 0x0000000086000000|  0%| F|  |TAMS 0x0000000085f00000, 0x0000000085f00000| Untracked 
|  96|0x0000000086000000, 0x0000000086000000, 0x0000000086100000|  0%| F|  |TAMS 0x0000000086000000, 0x0000000086000000| Untracked 
|  97|0x0000000086100000, 0x0000000086100000, 0x0000000086200000|  0%| F|  |TAMS 0x0000000086100000, 0x0000000086100000| Untracked 
|  98|0x0000000086200000, 0x0000000086300000, 0x0000000086300000|100%| S|CS|TAMS 0x0000000086200000, 0x0000000086200000| Complete 
|  99|0x0000000086300000, 0x0000000086400000, 0x0000000086400000|100%| S|CS|TAMS 0x0000000086300000, 0x0000000086300000| Complete 
| 100|0x0000000086400000, 0x0000000086500000, 0x0000000086500000|100%| S|CS|TAMS 0x0000000086400000, 0x0000000086400000| Complete 
| 101|0x0000000086500000, 0x0000000086600000, 0x0000000086600000|100%| S|CS|TAMS 0x0000000086500000, 0x0000000086500000| Complete 
| 102|0x0000000086600000, 0x0000000086700000, 0x0000000086700000|100%| S|CS|TAMS 0x0000000086600000, 0x0000000086600000| Complete 
| 103|0x0000000086700000, 0x0000000086800000, 0x0000000086800000|100%| S|CS|TAMS 0x0000000086700000, 0x0000000086700000| Complete 
| 104|0x0000000086800000, 0x0000000086900000, 0x0000000086900000|100%| S|CS|TAMS 0x0000000086800000, 0x0000000086800000| Complete 
| 105|0x0000000086900000, 0x0000000086a00000, 0x0000000086a00000|100%| S|CS|TAMS 0x0000000086900000, 0x0000000086900000| Complete 
| 106|0x0000000086a00000, 0x0000000086b00000, 0x0000000086b00000|100%| S|CS|TAMS 0x0000000086a00000, 0x0000000086a00000| Complete 
| 107|0x0000000086b00000, 0x0000000086c00000, 0x0000000086c00000|100%| S|CS|TAMS 0x0000000086b00000, 0x0000000086b00000| Complete 
| 108|0x0000000086c00000, 0x0000000086d00000, 0x0000000086d00000|100%| S|CS|TAMS 0x0000000086c00000, 0x0000000086c00000| Complete 
| 109|0x0000000086d00000, 0x0000000086e00000, 0x0000000086e00000|100%| S|CS|TAMS 0x0000000086d00000, 0x0000000086d00000| Complete 
| 110|0x0000000086e00000, 0x0000000086e00000, 0x0000000086f00000|  0%| F|  |TAMS 0x0000000086e00000, 0x0000000086e00000| Untracked 
| 111|0x0000000086f00000, 0x0000000086f00000, 0x0000000087000000|  0%| F|  |TAMS 0x0000000086f00000, 0x0000000086f00000| Untracked 
| 112|0x0000000087000000, 0x0000000087000000, 0x0000000087100000|  0%| F|  |TAMS 0x0000000087000000, 0x0000000087000000| Untracked 
| 113|0x0000000087100000, 0x0000000087100000, 0x0000000087200000|  0%| F|  |TAMS 0x0000000087100000, 0x0000000087100000| Untracked 
| 114|0x0000000087200000, 0x0000000087200000, 0x0000000087300000|  0%| F|  |TAMS 0x0000000087200000, 0x0000000087200000| Untracked 
| 115|0x0000000087300000, 0x0000000087300000, 0x0000000087400000|  0%| F|  |TAMS 0x0000000087300000, 0x0000000087300000| Untracked 
| 116|0x0000000087400000, 0x0000000087400000, 0x0000000087500000|  0%| F|  |TAMS 0x0000000087400000, 0x0000000087400000| Untracked 
| 117|0x0000000087500000, 0x0000000087500000, 0x0000000087600000|  0%| F|  |TAMS 0x0000000087500000, 0x0000000087500000| Untracked 
| 118|0x0000000087600000, 0x0000000087600000, 0x0000000087700000|  0%| F|  |TAMS 0x0000000087600000, 0x0000000087600000| Untracked 
| 119|0x0000000087700000, 0x0000000087700000, 0x0000000087800000|  0%| F|  |TAMS 0x0000000087700000, 0x0000000087700000| Untracked 
| 120|0x0000000087800000, 0x0000000087800000, 0x0000000087900000|  0%| F|  |TAMS 0x0000000087800000, 0x0000000087800000| Untracked 
| 121|0x0000000087900000, 0x0000000087900000, 0x0000000087a00000|  0%| F|  |TAMS 0x0000000087900000, 0x0000000087900000| Untracked 
| 122|0x0000000087a00000, 0x0000000087a00000, 0x0000000087b00000|  0%| F|  |TAMS 0x0000000087a00000, 0x0000000087a00000| Untracked 
| 123|0x0000000087b00000, 0x0000000087b00000, 0x0000000087c00000|  0%| F|  |TAMS 0x0000000087b00000, 0x0000000087b00000| Untracked 
| 124|0x0000000087c00000, 0x0000000087c00000, 0x0000000087d00000|  0%| F|  |TAMS 0x0000000087c00000, 0x0000000087c00000| Untracked 
| 125|0x0000000087d00000, 0x0000000087d00000, 0x0000000087e00000|  0%| F|  |TAMS 0x0000000087d00000, 0x0000000087d00000| Untracked 
| 126|0x0000000087e00000, 0x0000000087e00000, 0x0000000087f00000|  0%| F|  |TAMS 0x0000000087e00000, 0x0000000087e00000| Untracked 
| 127|0x0000000087f00000, 0x0000000088000000, 0x0000000088000000|100%| S|CS|TAMS 0x0000000087f00000, 0x0000000087f00000| Complete 
| 128|0x0000000088000000, 0x0000000088100000, 0x0000000088100000|100%| S|CS|TAMS 0x0000000088000000, 0x0000000088000000| Complete 
| 129|0x0000000088100000, 0x0000000088200000, 0x0000000088200000|100%| S|CS|TAMS 0x0000000088100000, 0x0000000088100000| Complete 
| 130|0x0000000088200000, 0x0000000088300000, 0x0000000088300000|100%| S|CS|TAMS 0x0000000088200000, 0x0000000088200000| Complete 
| 131|0x0000000088300000, 0x0000000088400000, 0x0000000088400000|100%| S|CS|TAMS 0x0000000088300000, 0x0000000088300000| Complete 
| 132|0x0000000088400000, 0x0000000088500000, 0x0000000088500000|100%| S|CS|TAMS 0x0000000088400000, 0x0000000088400000| Complete 
| 133|0x0000000088500000, 0x0000000088500000, 0x0000000088600000|  0%| F|  |TAMS 0x0000000088500000, 0x0000000088500000| Untracked 
| 134|0x0000000088600000, 0x0000000088600000, 0x0000000088700000|  0%| F|  |TAMS 0x0000000088600000, 0x0000000088600000| Untracked 
| 135|0x0000000088700000, 0x0000000088700000, 0x0000000088800000|  0%| F|  |TAMS 0x0000000088700000, 0x0000000088700000| Untracked 
| 136|0x0000000088800000, 0x0000000088800000, 0x0000000088900000|  0%| F|  |TAMS 0x0000000088800000, 0x0000000088800000| Untracked 
| 137|0x0000000088900000, 0x0000000088900000, 0x0000000088a00000|  0%| F|  |TAMS 0x0000000088900000, 0x0000000088900000| Untracked 
| 138|0x0000000088a00000, 0x0000000088a00000, 0x0000000088b00000|  0%| F|  |TAMS 0x0000000088a00000, 0x0000000088a00000| Untracked 
| 139|0x0000000088b00000, 0x0000000088b00000, 0x0000000088c00000|  0%| F|  |TAMS 0x0000000088b00000, 0x0000000088b00000| Untracked 
| 140|0x0000000088c00000, 0x0000000088c00000, 0x0000000088d00000|  0%| F|  |TAMS 0x0000000088c00000, 0x0000000088c00000| Untracked 
| 141|0x0000000088d00000, 0x0000000088d00000, 0x0000000088e00000|  0%| F|  |TAMS 0x0000000088d00000, 0x0000000088d00000| Untracked 
| 142|0x0000000088e00000, 0x0000000088e00000, 0x0000000088f00000|  0%| F|  |TAMS 0x0000000088e00000, 0x0000000088e00000| Untracked 
| 143|0x0000000088f00000, 0x0000000088f00000, 0x0000000089000000|  0%| F|  |TAMS 0x0000000088f00000, 0x0000000088f00000| Untracked 
| 144|0x0000000089000000, 0x0000000089000000, 0x0000000089100000|  0%| F|  |TAMS 0x0000000089000000, 0x0000000089000000| Untracked 
| 145|0x0000000089100000, 0x0000000089100000, 0x0000000089200000|  0%| F|  |TAMS 0x0000000089100000, 0x0000000089100000| Untracked 
| 146|0x0000000089200000, 0x0000000089200000, 0x0000000089300000|  0%| F|  |TAMS 0x0000000089200000, 0x0000000089200000| Untracked 
| 147|0x0000000089300000, 0x0000000089300000, 0x0000000089400000|  0%| F|  |TAMS 0x0000000089300000, 0x0000000089300000| Untracked 
| 148|0x0000000089400000, 0x0000000089400000, 0x0000000089500000|  0%| F|  |TAMS 0x0000000089400000, 0x0000000089400000| Untracked 
| 149|0x0000000089500000, 0x0000000089500000, 0x0000000089600000|  0%| F|  |TAMS 0x0000000089500000, 0x0000000089500000| Untracked 
| 150|0x0000000089600000, 0x0000000089600000, 0x0000000089700000|  0%| F|  |TAMS 0x0000000089600000, 0x0000000089600000| Untracked 
| 151|0x0000000089700000, 0x0000000089700000, 0x0000000089800000|  0%| F|  |TAMS 0x0000000089700000, 0x0000000089700000| Untracked 
| 152|0x0000000089800000, 0x0000000089800000, 0x0000000089900000|  0%| F|  |TAMS 0x0000000089800000, 0x0000000089800000| Untracked 
| 153|0x0000000089900000, 0x0000000089900000, 0x0000000089a00000|  0%| F|  |TAMS 0x0000000089900000, 0x0000000089900000| Untracked 
| 154|0x0000000089a00000, 0x0000000089a00000, 0x0000000089b00000|  0%| F|  |TAMS 0x0000000089a00000, 0x0000000089a00000| Untracked 
| 155|0x0000000089b00000, 0x0000000089b00000, 0x0000000089c00000|  0%| F|  |TAMS 0x0000000089b00000, 0x0000000089b00000| Untracked 
| 156|0x0000000089c00000, 0x0000000089c00000, 0x0000000089d00000|  0%| F|  |TAMS 0x0000000089c00000, 0x0000000089c00000| Untracked 
| 157|0x0000000089d00000, 0x0000000089d00000, 0x0000000089e00000|  0%| F|  |TAMS 0x0000000089d00000, 0x0000000089d00000| Untracked 
| 158|0x0000000089e00000, 0x0000000089e00000, 0x0000000089f00000|  0%| F|  |TAMS 0x0000000089e00000, 0x0000000089e00000| Untracked 
| 159|0x0000000089f00000, 0x0000000089f00000, 0x000000008a000000|  0%| F|  |TAMS 0x0000000089f00000, 0x0000000089f00000| Untracked 
| 160|0x000000008a000000, 0x000000008a000000, 0x000000008a100000|  0%| F|  |TAMS 0x000000008a000000, 0x000000008a000000| Untracked 
| 161|0x000000008a100000, 0x000000008a100000, 0x000000008a200000|  0%| F|  |TAMS 0x000000008a100000, 0x000000008a100000| Untracked 
| 162|0x000000008a200000, 0x000000008a200000, 0x000000008a300000|  0%| F|  |TAMS 0x000000008a200000, 0x000000008a200000| Untracked 
| 163|0x000000008a300000, 0x000000008a300000, 0x000000008a400000|  0%| F|  |TAMS 0x000000008a300000, 0x000000008a300000| Untracked 
| 164|0x000000008a400000, 0x000000008a400000, 0x000000008a500000|  0%| F|  |TAMS 0x000000008a400000, 0x000000008a400000| Untracked 
| 165|0x000000008a500000, 0x000000008a500000, 0x000000008a600000|  0%| F|  |TAMS 0x000000008a500000, 0x000000008a500000| Untracked 
| 166|0x000000008a600000, 0x000000008a600000, 0x000000008a700000|  0%| F|  |TAMS 0x000000008a600000, 0x000000008a600000| Untracked 
| 167|0x000000008a700000, 0x000000008a700000, 0x000000008a800000|  0%| F|  |TAMS 0x000000008a700000, 0x000000008a700000| Untracked 
| 168|0x000000008a800000, 0x000000008a800000, 0x000000008a900000|  0%| F|  |TAMS 0x000000008a800000, 0x000000008a800000| Untracked 
| 169|0x000000008a900000, 0x000000008a900000, 0x000000008aa00000|  0%| F|  |TAMS 0x000000008a900000, 0x000000008a900000| Untracked 
| 170|0x000000008aa00000, 0x000000008aa00000, 0x000000008ab00000|  0%| F|  |TAMS 0x000000008aa00000, 0x000000008aa00000| Untracked 
| 171|0x000000008ab00000, 0x000000008ab00000, 0x000000008ac00000|  0%| F|  |TAMS 0x000000008ab00000, 0x000000008ab00000| Untracked 
| 172|0x000000008ac00000, 0x000000008ac00000, 0x000000008ad00000|  0%| F|  |TAMS 0x000000008ac00000, 0x000000008ac00000| Untracked 
| 173|0x000000008ad00000, 0x000000008ad00000, 0x000000008ae00000|  0%| F|  |TAMS 0x000000008ad00000, 0x000000008ad00000| Untracked 
| 174|0x000000008ae00000, 0x000000008ae00000, 0x000000008af00000|  0%| F|  |TAMS 0x000000008ae00000, 0x000000008ae00000| Untracked 
| 175|0x000000008af00000, 0x000000008af00000, 0x000000008b000000|  0%| F|  |TAMS 0x000000008af00000, 0x000000008af00000| Untracked 
| 176|0x000000008b000000, 0x000000008b000000, 0x000000008b100000|  0%| F|  |TAMS 0x000000008b000000, 0x000000008b000000| Untracked 
| 177|0x000000008b100000, 0x000000008b100000, 0x000000008b200000|  0%| F|  |TAMS 0x000000008b100000, 0x000000008b100000| Untracked 
| 178|0x000000008b200000, 0x000000008b200000, 0x000000008b300000|  0%| F|  |TAMS 0x000000008b200000, 0x000000008b200000| Untracked 
| 179|0x000000008b300000, 0x000000008b300000, 0x000000008b400000|  0%| F|  |TAMS 0x000000008b300000, 0x000000008b300000| Untracked 
| 180|0x000000008b400000, 0x000000008b400000, 0x000000008b500000|  0%| F|  |TAMS 0x000000008b400000, 0x000000008b400000| Untracked 
| 181|0x000000008b500000, 0x000000008b500000, 0x000000008b600000|  0%| F|  |TAMS 0x000000008b500000, 0x000000008b500000| Untracked 
| 182|0x000000008b600000, 0x000000008b600000, 0x000000008b700000|  0%| F|  |TAMS 0x000000008b600000, 0x000000008b600000| Untracked 
| 183|0x000000008b700000, 0x000000008b700000, 0x000000008b800000|  0%| F|  |TAMS 0x000000008b700000, 0x000000008b700000| Untracked 
| 184|0x000000008b800000, 0x000000008b800000, 0x000000008b900000|  0%| F|  |TAMS 0x000000008b800000, 0x000000008b800000| Untracked 
| 185|0x000000008b900000, 0x000000008b900000, 0x000000008ba00000|  0%| F|  |TAMS 0x000000008b900000, 0x000000008b900000| Untracked 
| 186|0x000000008ba00000, 0x000000008ba00000, 0x000000008bb00000|  0%| F|  |TAMS 0x000000008ba00000, 0x000000008ba00000| Untracked 
| 187|0x000000008bb00000, 0x000000008bb00000, 0x000000008bc00000|  0%| F|  |TAMS 0x000000008bb00000, 0x000000008bb00000| Untracked 
| 188|0x000000008bc00000, 0x000000008bc00000, 0x000000008bd00000|  0%| F|  |TAMS 0x000000008bc00000, 0x000000008bc00000| Untracked 
| 189|0x000000008bd00000, 0x000000008bd00000, 0x000000008be00000|  0%| F|  |TAMS 0x000000008bd00000, 0x000000008bd00000| Untracked 
| 190|0x000000008be00000, 0x000000008be00000, 0x000000008bf00000|  0%| F|  |TAMS 0x000000008be00000, 0x000000008be00000| Untracked 
| 191|0x000000008bf00000, 0x000000008bf00000, 0x000000008c000000|  0%| F|  |TAMS 0x000000008bf00000, 0x000000008bf00000| Untracked 
| 192|0x000000008c000000, 0x000000008c000000, 0x000000008c100000|  0%| F|  |TAMS 0x000000008c000000, 0x000000008c000000| Untracked 
| 193|0x000000008c100000, 0x000000008c100000, 0x000000008c200000|  0%| F|  |TAMS 0x000000008c100000, 0x000000008c100000| Untracked 
| 194|0x000000008c200000, 0x000000008c200000, 0x000000008c300000|  0%| F|  |TAMS 0x000000008c200000, 0x000000008c200000| Untracked 
| 195|0x000000008c300000, 0x000000008c300000, 0x000000008c400000|  0%| F|  |TAMS 0x000000008c300000, 0x000000008c300000| Untracked 
| 196|0x000000008c400000, 0x000000008c400000, 0x000000008c500000|  0%| F|  |TAMS 0x000000008c400000, 0x000000008c400000| Untracked 
| 197|0x000000008c500000, 0x000000008c500000, 0x000000008c600000|  0%| F|  |TAMS 0x000000008c500000, 0x000000008c500000| Untracked 
| 198|0x000000008c600000, 0x000000008c600000, 0x000000008c700000|  0%| F|  |TAMS 0x000000008c600000, 0x000000008c600000| Untracked 
| 199|0x000000008c700000, 0x000000008c700000, 0x000000008c800000|  0%| F|  |TAMS 0x000000008c700000, 0x000000008c700000| Untracked 
| 200|0x000000008c800000, 0x000000008c800000, 0x000000008c900000|  0%| F|  |TAMS 0x000000008c800000, 0x000000008c800000| Untracked 
| 201|0x000000008c900000, 0x000000008c900000, 0x000000008ca00000|  0%| F|  |TAMS 0x000000008c900000, 0x000000008c900000| Untracked 
| 202|0x000000008ca00000, 0x000000008ca00000, 0x000000008cb00000|  0%| F|  |TAMS 0x000000008ca00000, 0x000000008ca00000| Untracked 
| 203|0x000000008cb00000, 0x000000008cb00000, 0x000000008cc00000|  0%| F|  |TAMS 0x000000008cb00000, 0x000000008cb00000| Untracked 
| 204|0x000000008cc00000, 0x000000008cc00000, 0x000000008cd00000|  0%| F|  |TAMS 0x000000008cc00000, 0x000000008cc00000| Untracked 
| 205|0x000000008cd00000, 0x000000008cd00000, 0x000000008ce00000|  0%| F|  |TAMS 0x000000008cd00000, 0x000000008cd00000| Untracked 
| 206|0x000000008ce00000, 0x000000008ce00000, 0x000000008cf00000|  0%| F|  |TAMS 0x000000008ce00000, 0x000000008ce00000| Untracked 
| 207|0x000000008cf00000, 0x000000008cf00000, 0x000000008d000000|  0%| F|  |TAMS 0x000000008cf00000, 0x000000008cf00000| Untracked 
| 208|0x000000008d000000, 0x000000008d000000, 0x000000008d100000|  0%| F|  |TAMS 0x000000008d000000, 0x000000008d000000| Untracked 
| 209|0x000000008d100000, 0x000000008d100000, 0x000000008d200000|  0%| F|  |TAMS 0x000000008d100000, 0x000000008d100000| Untracked 
| 210|0x000000008d200000, 0x000000008d200000, 0x000000008d300000|  0%| F|  |TAMS 0x000000008d200000, 0x000000008d200000| Untracked 
| 211|0x000000008d300000, 0x000000008d300000, 0x000000008d400000|  0%| F|  |TAMS 0x000000008d300000, 0x000000008d300000| Untracked 
| 212|0x000000008d400000, 0x000000008d400000, 0x000000008d500000|  0%| F|  |TAMS 0x000000008d400000, 0x000000008d400000| Untracked 
| 213|0x000000008d500000, 0x000000008d580800, 0x000000008d600000| 50%| E|  |TAMS 0x000000008d500000, 0x000000008d500000| Complete 
| 214|0x000000008d600000, 0x000000008d700000, 0x000000008d700000|100%| E|CS|TAMS 0x000000008d600000, 0x000000008d600000| Complete 
| 215|0x000000008d700000, 0x000000008d800000, 0x000000008d800000|100%| E|CS|TAMS 0x000000008d700000, 0x000000008d700000| Complete 
| 216|0x000000008d800000, 0x000000008d900000, 0x000000008d900000|100%| E|CS|TAMS 0x000000008d800000, 0x000000008d800000| Complete 
| 217|0x000000008d900000, 0x000000008da00000, 0x000000008da00000|100%| E|CS|TAMS 0x000000008d900000, 0x000000008d900000| Complete 
| 218|0x000000008da00000, 0x000000008db00000, 0x000000008db00000|100%| E|CS|TAMS 0x000000008da00000, 0x000000008da00000| Complete 
| 219|0x000000008db00000, 0x000000008dc00000, 0x000000008dc00000|100%| E|CS|TAMS 0x000000008db00000, 0x000000008db00000| Complete 
| 220|0x000000008dc00000, 0x000000008dd00000, 0x000000008dd00000|100%| E|CS|TAMS 0x000000008dc00000, 0x000000008dc00000| Complete 
| 221|0x000000008dd00000, 0x000000008de00000, 0x000000008de00000|100%| E|CS|TAMS 0x000000008dd00000, 0x000000008dd00000| Complete 
| 222|0x000000008de00000, 0x000000008df00000, 0x000000008df00000|100%| E|CS|TAMS 0x000000008de00000, 0x000000008de00000| Complete 
| 223|0x000000008df00000, 0x000000008e000000, 0x000000008e000000|100%| E|CS|TAMS 0x000000008df00000, 0x000000008df00000| Complete 
| 224|0x000000008e000000, 0x000000008e100000, 0x000000008e100000|100%| E|CS|TAMS 0x000000008e000000, 0x000000008e000000| Complete 
| 225|0x000000008e100000, 0x000000008e200000, 0x000000008e200000|100%| E|CS|TAMS 0x000000008e100000, 0x000000008e100000| Complete 
| 226|0x000000008e200000, 0x000000008e300000, 0x000000008e300000|100%| E|CS|TAMS 0x000000008e200000, 0x000000008e200000| Complete 
| 227|0x000000008e300000, 0x000000008e400000, 0x000000008e400000|100%| E|CS|TAMS 0x000000008e300000, 0x000000008e300000| Complete 
| 228|0x000000008e400000, 0x000000008e500000, 0x000000008e500000|100%| E|CS|TAMS 0x000000008e400000, 0x000000008e400000| Complete 
| 229|0x000000008e500000, 0x000000008e600000, 0x000000008e600000|100%| E|CS|TAMS 0x000000008e500000, 0x000000008e500000| Complete 
| 230|0x000000008e600000, 0x000000008e700000, 0x000000008e700000|100%| E|CS|TAMS 0x000000008e600000, 0x000000008e600000| Complete 
| 231|0x000000008e700000, 0x000000008e800000, 0x000000008e800000|100%| E|CS|TAMS 0x000000008e700000, 0x000000008e700000| Complete 
| 232|0x000000008e800000, 0x000000008e900000, 0x000000008e900000|100%| E|CS|TAMS 0x000000008e800000, 0x000000008e800000| Complete 
| 233|0x000000008e900000, 0x000000008ea00000, 0x000000008ea00000|100%| E|CS|TAMS 0x000000008e900000, 0x000000008e900000| Complete 
| 234|0x000000008ea00000, 0x000000008eb00000, 0x000000008eb00000|100%| E|CS|TAMS 0x000000008ea00000, 0x000000008ea00000| Complete 
| 235|0x000000008eb00000, 0x000000008ec00000, 0x000000008ec00000|100%| E|CS|TAMS 0x000000008eb00000, 0x000000008eb00000| Complete 
| 236|0x000000008ec00000, 0x000000008ed00000, 0x000000008ed00000|100%| E|CS|TAMS 0x000000008ec00000, 0x000000008ec00000| Complete 
| 237|0x000000008ed00000, 0x000000008ee00000, 0x000000008ee00000|100%| E|CS|TAMS 0x000000008ed00000, 0x000000008ed00000| Complete 
| 238|0x000000008ee00000, 0x000000008ef00000, 0x000000008ef00000|100%| E|CS|TAMS 0x000000008ee00000, 0x000000008ee00000| Complete 
| 239|0x000000008ef00000, 0x000000008f000000, 0x000000008f000000|100%| E|CS|TAMS 0x000000008ef00000, 0x000000008ef00000| Complete 
| 240|0x000000008f000000, 0x000000008f100000, 0x000000008f100000|100%| E|CS|TAMS 0x000000008f000000, 0x000000008f000000| Complete 
| 241|0x000000008f100000, 0x000000008f200000, 0x000000008f200000|100%| E|CS|TAMS 0x000000008f100000, 0x000000008f100000| Complete 
| 242|0x000000008f200000, 0x000000008f300000, 0x000000008f300000|100%| E|CS|TAMS 0x000000008f200000, 0x000000008f200000| Complete 
| 243|0x000000008f300000, 0x000000008f400000, 0x000000008f400000|100%| E|CS|TAMS 0x000000008f300000, 0x000000008f300000| Complete 
| 244|0x000000008f400000, 0x000000008f500000, 0x000000008f500000|100%| E|CS|TAMS 0x000000008f400000, 0x000000008f400000| Complete 
| 245|0x000000008f500000, 0x000000008f600000, 0x000000008f600000|100%| E|CS|TAMS 0x000000008f500000, 0x000000008f500000| Complete 
| 246|0x000000008f600000, 0x000000008f700000, 0x000000008f700000|100%| E|CS|TAMS 0x000000008f600000, 0x000000008f600000| Complete 
| 247|0x000000008f700000, 0x000000008f800000, 0x000000008f800000|100%| E|CS|TAMS 0x000000008f700000, 0x000000008f700000| Complete 
| 248|0x000000008f800000, 0x000000008f900000, 0x000000008f900000|100%| E|CS|TAMS 0x000000008f800000, 0x000000008f800000| Complete 
| 249|0x000000008f900000, 0x000000008fa00000, 0x000000008fa00000|100%| E|CS|TAMS 0x000000008f900000, 0x000000008f900000| Complete 
| 250|0x000000008fa00000, 0x000000008fb00000, 0x000000008fb00000|100%| E|CS|TAMS 0x000000008fa00000, 0x000000008fa00000| Complete 
| 251|0x000000008fb00000, 0x000000008fc00000, 0x000000008fc00000|100%| E|CS|TAMS 0x000000008fb00000, 0x000000008fb00000| Complete 
| 252|0x000000008fc00000, 0x000000008fd00000, 0x000000008fd00000|100%| E|CS|TAMS 0x000000008fc00000, 0x000000008fc00000| Complete 
| 253|0x000000008fd00000, 0x000000008fe00000, 0x000000008fe00000|100%| E|CS|TAMS 0x000000008fd00000, 0x000000008fd00000| Complete 
| 254|0x000000008fe00000, 0x000000008ff00000, 0x000000008ff00000|100%| E|CS|TAMS 0x000000008fe00000, 0x000000008fe00000| Complete 
| 255|0x000000008ff00000, 0x0000000090000000, 0x0000000090000000|100%| E|CS|TAMS 0x000000008ff00000, 0x000000008ff00000| Complete 

Card table byte_map: [0x0000019f75450000,0x0000019f75850000] _byte_map_base: 0x0000019f75050000

Marking Bits (Prev, Next): (CMBitMap*) 0x0000019f60321f38, (CMBitMap*) 0x0000019f60321f70
 Prev Bits: [0x0000019f75c50000, 0x0000019f77c50000)
 Next Bits: [0x0000019f77c50000, 0x0000019f79c50000)

Polling page: 0x0000019f603c0000

Metaspace:

Usage:
  Non-class:     48.69 MB capacity,    47.61 MB ( 98%) used,   947.91 KB (  2%) free+waste,   157.06 KB ( <1%) overhead. 
      Class:      7.68 MB capacity,     7.12 MB ( 93%) used,   493.51 KB (  6%) free+waste,    75.44 KB ( <1%) overhead. 
       Both:     56.37 MB capacity,    54.73 MB ( 97%) used,     1.41 MB (  2%) free+waste,   232.50 KB ( <1%) overhead. 

Virtual space:
  Non-class space:       50.00 MB reserved,      48.75 MB ( 98%) committed 
      Class space:        1.00 GB reserved,       7.75 MB ( <1%) committed 
             Both:        1.05 GB reserved,      56.50 MB (  5%) committed 

Chunk freelists:
   Non-Class:  0 bytes
       Class:  9.00 KB
        Both:  9.00 KB

MaxMetaspaceSize: 17179869184.00 GB
CompressedClassSpaceSize: 1.00 GB
Initial GC threshold: 20.80 MB
Current GC threshold: 58.75 MB
CDS: off

CodeHeap 'non-profiled nmethods': size=120000Kb used=3656Kb max_used=3656Kb free=116343Kb
 bounds [0x0000019f6d090000, 0x0000019f6d430000, 0x0000019f745c0000]
CodeHeap 'profiled nmethods': size=120000Kb used=12937Kb max_used=12937Kb free=107062Kb
 bounds [0x0000019f65b60000, 0x0000019f66810000, 0x0000019f6d090000]
CodeHeap 'non-nmethods': size=5760Kb used=2313Kb max_used=2376Kb free=3446Kb
 bounds [0x0000019f655c0000, 0x0000019f65830000, 0x0000019f65b60000]
 total_blobs=7121 nmethods=6308 adapters=725
 compilation: enabled
              stopped_count=0, restarted_count=0
 full_count=0

Compilation events (20 events):
Event: 17.603 Thread 0x0000019f7cfd7000 5994       4       java.lang.Long::hashCode (8 bytes)
Event: 17.604 Thread 0x0000019f7cfd7000 nmethod 5994 0x0000019f6d40d810 code [0x0000019f6d40d9a0, 0x0000019f6d40da18]
Event: 17.604 Thread 0x0000019f7cfd7000 6007       4       groovyjarjarantlr4.v4.runtime.atn.ATNConfigSet::getKey (26 bytes)
Event: 17.604 Thread 0x0000019f7d026800 6260       3       java.util.zip.Inflater::inflate (9 bytes)
Event: 17.604 Thread 0x0000019f7d026800 nmethod 6260 0x0000019f667ca590 code [0x0000019f667ca740, 0x0000019f667ca888]
Event: 17.604 Thread 0x0000019f7cfd7000 nmethod 6007 0x0000019f6d40db10 code [0x0000019f6d40dca0, 0x0000019f6d40dd38]
Event: 17.604 Thread 0x0000019f7cfd7000 6025       4       groovyjarjarantlr4.v4.runtime.atn.SemanticContext$Predicate::hashCode (47 bytes)
Event: 17.604 Thread 0x0000019f7d026800 6261       3       groovyjarjarasm.asm.MethodVisitor::visitLabel (16 bytes)
Event: 17.604 Thread 0x0000019f7d026800 nmethod 6261 0x0000019f667ca990 code [0x0000019f667cab40, 0x0000019f667cad28]
Event: 17.604 Thread 0x0000019f7d026800 6262       3       groovyjarjarasm.asm.MethodVisitor::visitVarInsn (17 bytes)
Event: 17.604 Thread 0x0000019f7d026800 nmethod 6262 0x0000019f667cae10 code [0x0000019f667cafc0, 0x0000019f667cb1a8]
Event: 17.604 Thread 0x0000019f7d026800 6263       3       groovyjarjarasm.asm.Label::accept (65 bytes)
Event: 17.605 Thread 0x0000019f7d026800 nmethod 6263 0x0000019f667cb290 code [0x0000019f667cb480, 0x0000019f667cb9a8]
Event: 17.605 Thread 0x0000019f7d026800 6266       3       groovyjarjarasm.asm.MethodVisitor::visitLineNumber (17 bytes)
Event: 17.605 Thread 0x0000019f7cfd7000 nmethod 6025 0x0000019f6d40de10 code [0x0000019f6d40dfa0, 0x0000019f6d40e0b8]
Event: 17.605 Thread 0x0000019f7cfd7000 6026       4       groovyjarjarantlr4.v4.runtime.atn.ATNConfig::hashCode (97 bytes)
Event: 17.605 Thread 0x0000019f7d026800 nmethod 6266 0x0000019f667cbb90 code [0x0000019f667cbd40, 0x0000019f667cbf28]
Event: 17.605 Thread 0x0000019f7d026800 6264       3       groovyjarjarasm.asm.Label::addLineNumber (89 bytes)
Event: 17.605 Thread 0x0000019f7d026800 nmethod 6264 0x0000019f667cc010 code [0x0000019f667cc200, 0x0000019f667cc708]
Event: 17.605 Thread 0x0000019f7d026800 6267       3       groovyjarjarasm.asm.MethodVisitor::visitMethodInsn (80 bytes)

GC Heap History (16 events):
Event: 2.233 GC heap before
{Heap before GC invocations=0 (full 0):
 garbage-first heap   total 262144K, used 30720K [0x0000000080000000, 0x0000000100000000)
  region size 1024K, 24 young (24576K), 0 survivors (0K)
 Metaspace       used 10240K, capacity 10493K, committed 10624K, reserved 1058816K
  class space    used 1072K, capacity 1139K, committed 1152K, reserved 1048576K
}
Event: 2.238 GC heap after
{Heap after GC invocations=1 (full 0):
 garbage-first heap   total 262144K, used 9470K [0x0000000080000000, 0x0000000100000000)
  region size 1024K, 3 young (3072K), 3 survivors (3072K)
 Metaspace       used 10240K, capacity 10493K, committed 10624K, reserved 1058816K
  class space    used 1072K, capacity 1139K, committed 1152K, reserved 1048576K
}
Event: 2.517 GC heap before
{Heap before GC invocations=1 (full 0):
 garbage-first heap   total 262144K, used 22782K [0x0000000080000000, 0x0000000100000000)
  region size 1024K, 16 young (16384K), 3 survivors (3072K)
 Metaspace       used 11160K, capacity 11448K, committed 11520K, reserved 1058816K
  class space    used 1173K, capacity 1244K, committed 1280K, reserved 1048576K
}
Event: 2.519 GC heap after
{Heap after GC invocations=2 (full 0):
 garbage-first heap   total 262144K, used 9699K [0x0000000080000000, 0x0000000100000000)
  region size 1024K, 1 young (1024K), 1 survivors (1024K)
 Metaspace       used 11160K, capacity 11448K, committed 11520K, reserved 1058816K
  class space    used 1173K, capacity 1244K, committed 1280K, reserved 1048576K
}
Event: 4.651 GC heap before
{Heap before GC invocations=2 (full 0):
 garbage-first heap   total 262144K, used 59875K [0x0000000080000000, 0x0000000100000000)
  region size 1024K, 50 young (51200K), 1 survivors (1024K)
 Metaspace       used 16153K, capacity 16549K, committed 16640K, reserved 1064960K
  class space    used 1854K, capacity 1967K, committed 2048K, reserved 1048576K
}
Event: 4.655 GC heap after
{Heap after GC invocations=3 (full 0):
 garbage-first heap   total 262144K, used 15733K [0x0000000080000000, 0x0000000100000000)
  region size 1024K, 7 young (7168K), 7 survivors (7168K)
 Metaspace       used 16153K, capacity 16549K, committed 16640K, reserved 1064960K
  class space    used 1854K, capacity 1967K, committed 2048K, reserved 1048576K
}
Event: 5.587 GC heap before
{Heap before GC invocations=3 (full 0):
 garbage-first heap   total 262144K, used 54645K [0x0000000080000000, 0x0000000100000000)
  region size 1024K, 46 young (47104K), 7 survivors (7168K)
 Metaspace       used 20684K, capacity 21158K, committed 21248K, reserved 1067008K
  class space    used 2548K, capacity 2729K, committed 2816K, reserved 1048576K
}
Event: 5.595 GC heap after
{Heap after GC invocations=4 (full 0):
 garbage-first heap   total 262144K, used 17072K [0x0000000080000000, 0x0000000100000000)
  region size 1024K, 2 young (2048K), 2 survivors (2048K)
 Metaspace       used 20684K, capacity 21158K, committed 21248K, reserved 1067008K
  class space    used 2548K, capacity 2729K, committed 2816K, reserved 1048576K
}
Event: 10.547 GC heap before
{Heap before GC invocations=5 (full 0):
 garbage-first heap   total 262144K, used 147120K [0x0000000080000000, 0x0000000100000000)
  region size 1024K, 119 young (121856K), 2 survivors (2048K)
 Metaspace       used 32066K, capacity 32947K, committed 33152K, reserved 1077248K
  class space    used 4326K, capacity 4641K, committed 4736K, reserved 1048576K
}
Event: 10.553 GC heap after
{Heap after GC invocations=6 (full 0):
 garbage-first heap   total 262144K, used 34452K [0x0000000080000000, 0x0000000100000000)
  region size 1024K, 9 young (9216K), 9 survivors (9216K)
 Metaspace       used 32066K, capacity 32947K, committed 33152K, reserved 1077248K
  class space    used 4326K, capacity 4641K, committed 4736K, reserved 1048576K
}
Event: 11.060 GC heap before
{Heap before GC invocations=6 (full 0):
 garbage-first heap   total 262144K, used 49812K [0x0000000080000000, 0x0000000100000000)
  region size 1024K, 25 young (25600K), 9 survivors (9216K)
 Metaspace       used 34813K, capacity 35782K, committed 35840K, reserved 1081344K
  class space    used 4649K, capacity 4989K, committed 4992K, reserved 1048576K
}
Event: 11.066 GC heap after
{Heap after GC invocations=7 (full 0):
 garbage-first heap   total 262144K, used 35979K [0x0000000080000000, 0x0000000100000000)
  region size 1024K, 11 young (11264K), 11 survivors (11264K)
 Metaspace       used 34813K, capacity 35782K, committed 35840K, reserved 1081344K
  class space    used 4649K, capacity 4989K, committed 4992K, reserved 1048576K
}
Event: 13.134 GC heap before
{Heap before GC invocations=8 (full 0):
 garbage-first heap   total 262144K, used 165003K [0x0000000080000000, 0x0000000100000000)
  region size 1024K, 129 young (132096K), 11 survivors (11264K)
 Metaspace       used 46042K, capacity 47257K, committed 47360K, reserved 1089536K
  class space    used 5843K, capacity 6328K, committed 6400K, reserved 1048576K
}
Event: 13.147 GC heap after
{Heap after GC invocations=9 (full 0):
 garbage-first heap   total 262144K, used 49623K [0x0000000080000000, 0x0000000100000000)
  region size 1024K, 17 young (17408K), 17 survivors (17408K)
 Metaspace       used 46042K, capacity 47257K, committed 47360K, reserved 1089536K
  class space    used 5843K, capacity 6328K, committed 6400K, reserved 1048576K
}
Event: 17.079 GC heap before
{Heap before GC invocations=9 (full 0):
 garbage-first heap   total 262144K, used 186839K [0x0000000080000000, 0x0000000100000000)
  region size 1024K, 140 young (143360K), 17 survivors (17408K)
 Metaspace       used 52305K, capacity 53886K, committed 54144K, reserved 1095680K
  class space    used 6728K, capacity 7269K, committed 7296K, reserved 1048576K
}
Event: 17.092 GC heap after
{Heap after GC invocations=10 (full 0):
 garbage-first heap   total 262144K, used 74451K [0x0000000080000000, 0x0000000100000000)
  region size 1024K, 18 young (18432K), 18 survivors (18432K)
 Metaspace       used 52305K, capacity 53886K, committed 54144K, reserved 1095680K
  class space    used 6728K, capacity 7269K, committed 7296K, reserved 1048576K
}

Deoptimization events (20 events):
Event: 17.333 Thread 0x0000019f7d189800 DEOPT PACKING pc=0x0000019f6d3ee0dc sp=0x00000036505f6f10
Event: 17.333 Thread 0x0000019f7d189800 DEOPT UNPACKING pc=0x0000019f6560a1af sp=0x00000036505f6ea8 mode 2
Event: 17.339 Thread 0x0000019f7d189800 Uncommon trap: trap_request=0xffffff4d fr.pc=0x0000019f6d20091c relative=0x000000000000007c
Event: 17.339 Thread 0x0000019f7d189800 Uncommon trap: reason=unstable_if action=reinterpret pc=0x0000019f6d20091c method=java.lang.String.codePointAt(I)I @ 4 c2
Event: 17.339 Thread 0x0000019f7d189800 DEOPT PACKING pc=0x0000019f6d20091c sp=0x00000036505f6890
Event: 17.339 Thread 0x0000019f7d189800 DEOPT UNPACKING pc=0x0000019f6560a1af sp=0x00000036505f6838 mode 2
Event: 17.339 Thread 0x0000019f7d189800 Uncommon trap: trap_request=0xffffff4d fr.pc=0x0000019f6d10ae70 relative=0x0000000000000050
Event: 17.339 Thread 0x0000019f7d189800 Uncommon trap: reason=unstable_if action=reinterpret pc=0x0000019f6d10ae70 method=java.lang.Character.isSurrogate(C)Z @ 3 c2
Event: 17.339 Thread 0x0000019f7d189800 DEOPT PACKING pc=0x0000019f6d10ae70 sp=0x00000036505f68b0
Event: 17.339 Thread 0x0000019f7d189800 DEOPT UNPACKING pc=0x0000019f6560a1af sp=0x00000036505f67e8 mode 2
Event: 17.430 Thread 0x0000019f7d189800 Uncommon trap: trap_request=0xffffff4d fr.pc=0x0000019f6d3f6a24 relative=0x0000000000000f84
Event: 17.430 Thread 0x0000019f7d189800 Uncommon trap: reason=unstable_if action=reinterpret pc=0x0000019f6d3f6a24 method=groovyjarjarantlr4.v4.runtime.atn.ParserATNSimulator.precedenceTransition(Lgroovyjarjarantlr4/v4/runtime/atn/ATNConfig;Lgroovyjarjarantlr4/v4/runtime/atn/PrecedencePredicate
Event: 17.430 Thread 0x0000019f7d189800 DEOPT PACKING pc=0x0000019f6d3f6a24 sp=0x00000036505f6d60
Event: 17.430 Thread 0x0000019f7d189800 DEOPT UNPACKING pc=0x0000019f6560a1af sp=0x00000036505f6cd8 mode 2
Event: 17.534 Thread 0x0000019f7d189800 Uncommon trap: trap_request=0xffffff4d fr.pc=0x0000019f6d214b20 relative=0x0000000000000920
Event: 17.535 Thread 0x0000019f7d189800 Uncommon trap: reason=unstable_if action=reinterpret pc=0x0000019f6d214b20 method=java.io.BufferedInputStream.read([BII)I @ 56 c2
Event: 17.535 Thread 0x0000019f7d189800 DEOPT PACKING pc=0x0000019f6d214b20 sp=0x00000036505f7da0
Event: 17.535 Thread 0x0000019f7d189800 DEOPT UNPACKING pc=0x0000019f6560a1af sp=0x00000036505f7d78 mode 2
Event: 17.603 Thread 0x0000019f7d189800 DEOPT PACKING pc=0x0000019f667bc4a6 sp=0x00000036505f7170
Event: 17.603 Thread 0x0000019f7d189800 DEOPT UNPACKING pc=0x0000019f6560a95e sp=0x00000036505f6650 mode 0

Classes redefined (0 events):
No events

Internal exceptions (20 events):
Event: 16.257 Thread 0x0000019f7d189800 Exception <a 'java/security/PrivilegedActionException'{0x00000000891b92f8}> (0x00000000891b92f8) thrown at [./src/hotspot/share/prims/jvm.cpp, line 1306]
Event: 16.257 Thread 0x0000019f7d189800 Exception <a 'java/security/PrivilegedActionException'{0x00000000891ba860}> (0x00000000891ba860) thrown at [./src/hotspot/share/prims/jvm.cpp, line 1306]
Event: 16.257 Thread 0x0000019f7d189800 Exception <a 'java/security/PrivilegedActionException'{0x00000000891bd9e0}> (0x00000000891bd9e0) thrown at [./src/hotspot/share/prims/jvm.cpp, line 1306]
Event: 16.257 Thread 0x0000019f7d189800 Exception <a 'java/security/PrivilegedActionException'{0x00000000891bef48}> (0x00000000891bef48) thrown at [./src/hotspot/share/prims/jvm.cpp, line 1306]
Event: 16.257 Thread 0x0000019f7d189800 Exception <a 'java/security/PrivilegedActionException'{0x00000000891c2118}> (0x00000000891c2118) thrown at [./src/hotspot/share/prims/jvm.cpp, line 1306]
Event: 16.257 Thread 0x0000019f7d189800 Exception <a 'java/security/PrivilegedActionException'{0x00000000891c3680}> (0x00000000891c3680) thrown at [./src/hotspot/share/prims/jvm.cpp, line 1306]
Event: 16.257 Thread 0x0000019f7d189800 Exception <a 'java/security/PrivilegedActionException'{0x00000000891c68b0}> (0x00000000891c68b0) thrown at [./src/hotspot/share/prims/jvm.cpp, line 1306]
Event: 16.257 Thread 0x0000019f7d189800 Exception <a 'java/security/PrivilegedActionException'{0x00000000891c7e18}> (0x00000000891c7e18) thrown at [./src/hotspot/share/prims/jvm.cpp, line 1306]
Event: 16.966 Thread 0x0000019f7d189800 Exception <a 'java/lang/ClassNotFoundException'{0x0000000088bba2f0}: org/gradle/api/tasks/Delete_DecoratedBeanInfo> (0x0000000088bba2f0) thrown at [./src/hotspot/share/classfile/systemDictionary.cpp, line 231]
Event: 16.967 Thread 0x0000019f7d189800 Exception <a 'java/lang/ClassNotFoundException'{0x0000000088be5f90}: org/gradle/api/tasks/DeleteBeanInfo> (0x0000000088be5f90) thrown at [./src/hotspot/share/classfile/systemDictionary.cpp, line 231]
Event: 16.967 Thread 0x0000019f7d189800 Exception <a 'java/lang/ClassNotFoundException'{0x0000000088a15120}: org/gradle/api/internal/ConventionTaskBeanInfo> (0x0000000088a15120) thrown at [./src/hotspot/share/classfile/systemDictionary.cpp, line 231]
Event: 16.968 Thread 0x0000019f7d189800 Exception <a 'java/lang/ClassNotFoundException'{0x0000000088a3f9b0}: org/gradle/api/DefaultTaskBeanInfo> (0x0000000088a3f9b0) thrown at [./src/hotspot/share/classfile/systemDictionary.cpp, line 231]
Event: 16.968 Thread 0x0000019f7d189800 Exception <a 'java/lang/ClassNotFoundException'{0x0000000088a6e168}: org/gradle/api/internal/AbstractTaskBeanInfo> (0x0000000088a6e168) thrown at [./src/hotspot/share/classfile/systemDictionary.cpp, line 231]
Event: 16.969 Thread 0x0000019f7d189800 Exception <a 'java/lang/ClassNotFoundException'{0x0000000088a9d0b0}: org/gradle/api/internal/AbstractTaskCustomizer> (0x0000000088a9d0b0) thrown at [./src/hotspot/share/classfile/systemDictionary.cpp, line 231]
Event: 16.970 Thread 0x0000019f7d189800 Exception <a 'java/lang/ClassNotFoundException'{0x0000000088912e78}: org/gradle/api/DefaultTaskCustomizer> (0x0000000088912e78) thrown at [./src/hotspot/share/classfile/systemDictionary.cpp, line 231]
Event: 16.972 Thread 0x0000019f7d189800 Exception <a 'java/lang/ClassNotFoundException'{0x0000000088997258}: org/gradle/api/internal/ConventionTaskCustomizer> (0x0000000088997258) thrown at [./src/hotspot/share/classfile/systemDictionary.cpp, line 231]
Event: 16.973 Thread 0x0000019f7d189800 Exception <a 'java/lang/ClassNotFoundException'{0x00000000889d25d0}: org/gradle/api/tasks/DeleteCustomizer> (0x00000000889d25d0) thrown at [./src/hotspot/share/classfile/systemDictionary.cpp, line 231]
Event: 16.973 Thread 0x0000019f7d189800 Exception <a 'java/lang/ClassNotFoundException'{0x0000000088815220}: org/gradle/api/tasks/Delete_DecoratedCustomizer> (0x0000000088815220) thrown at [./src/hotspot/share/classfile/systemDictionary.cpp, line 231]
Event: 17.021 Thread 0x0000019f7d189800 Exception <a 'java/lang/NoSuchMethodError'{0x00000000887f32c8}: 'void java.lang.invoke.DirectMethodHandle$Holder.invokeVirtual(java.lang.Object, java.lang.Object)'> (0x00000000887f32c8) thrown at [./src/hotspot/share/interpreter/linkResolver.cpp, line 773]
Event: 17.508 Thread 0x0000019f7d189800 Exception <a 'java/lang/NoSuchMethodError'{0x000000008de61f28}: 'void java.lang.invoke.DirectMethodHandle$Holder.invokeSpecialIFC(java.lang.Object, java.lang.Object, java.lang.Object)'> (0x000000008de61f28) thrown at [./src/hotspot/share/interpreter/linkResolver.cpp, line 773]

Events (20 events):
Event: 17.598 loading class org/codehaus/groovy/ast/decompiled/FieldStub
Event: 17.598 loading class org/codehaus/groovy/ast/decompiled/FieldStub done
Event: 17.598 loading class org/codehaus/groovy/ast/FieldNode
Event: 17.598 loading class org/codehaus/groovy/ast/FieldNode done
Event: 17.598 loading class org/codehaus/groovy/ast/decompiled/DecompiledClassNode
Event: 17.598 loading class org/codehaus/groovy/ast/decompiled/DecompiledClassNode done
Event: 17.599 Executing VM operation: RevokeBias
Event: 17.599 Executing VM operation: RevokeBias done
Event: 17.600 loading class org/codehaus/groovy/ast/decompiled/TypeWrapper
Event: 17.600 loading class org/codehaus/groovy/ast/decompiled/TypeWrapper done
Event: 17.600 Executing VM operation: RevokeBias
Event: 17.600 Executing VM operation: RevokeBias done
Event: 17.601 loading class org/codehaus/groovy/ast/decompiled/Annotations
Event: 17.601 loading class org/codehaus/groovy/ast/decompiled/Annotations done
Event: 17.602 loading class org/codehaus/groovy/ast/decompiled/Annotations$DecompiledAnnotationNode
Event: 17.602 loading class org/codehaus/groovy/ast/decompiled/Annotations$DecompiledAnnotationNode done
Event: 17.602 loading class org/codehaus/groovy/ast/decompiled/EnumConstantWrapper
Event: 17.602 loading class org/codehaus/groovy/ast/decompiled/EnumConstantWrapper done
Event: 17.603 Executing VM operation: RevokeBias
Event: 17.603 Executing VM operation: RevokeBias done


Dynamic libraries:
0x00007ff7a03f0000 - 0x00007ff7a03fa000 	D:\Program Files\Android\Android Studio\jre\bin\java.exe
0x00007ff814ce0000 - 0x00007ff814ee9000 	C:\WINDOWS\SYSTEM32\ntdll.dll
0x00007ff8139e0000 - 0x00007ff813a9d000 	C:\WINDOWS\System32\KERNEL32.DLL
0x00007ff812630000 - 0x00007ff8129a9000 	C:\WINDOWS\System32\KERNELBASE.dll
0x00007ff8129b0000 - 0x00007ff812ac1000 	C:\WINDOWS\System32\ucrtbase.dll
0x00007ffffa560000 - 0x00007ffffa579000 	D:\Program Files\Android\Android Studio\jre\bin\jli.dll
0x00007fffef860000 - 0x00007fffef877000 	D:\Program Files\Android\Android Studio\jre\bin\VCRUNTIME140.dll
0x00007ff812da0000 - 0x00007ff812f4c000 	C:\WINDOWS\System32\USER32.dll
0x00007ff812b50000 - 0x00007ff812b76000 	C:\WINDOWS\System32\win32u.dll
0x00007ff8145f0000 - 0x00007ff814619000 	C:\WINDOWS\System32\GDI32.dll
0x00007ff812510000 - 0x00007ff812622000 	C:\WINDOWS\System32\gdi32full.dll
0x00007ff8121d0000 - 0x00007ff81226d000 	C:\WINDOWS\System32\msvcp_win.dll
0x00007fffe7e20000 - 0x00007fffe80c5000 	C:\WINDOWS\WinSxS\amd64_microsoft.windows.common-controls_6595b64144ccf1df_6.0.22000.120_none_9d947278b86cc467\COMCTL32.dll
0x00007ff813200000 - 0x00007ff8132a3000 	C:\WINDOWS\System32\msvcrt.dll
0x00007ff8139a0000 - 0x00007ff8139d1000 	C:\WINDOWS\System32\IMM32.DLL
0x00007fffd6590000 - 0x00007fffd662d000 	D:\Program Files\Android\Android Studio\jre\bin\msvcp140.dll
0x00007fffa6010000 - 0x00007fffa6af5000 	D:\Program Files\Android\Android Studio\jre\bin\server\jvm.dll
0x00007ff812fc0000 - 0x00007ff81306e000 	C:\WINDOWS\System32\ADVAPI32.dll
0x00007ff814620000 - 0x00007ff8146be000 	C:\WINDOWS\System32\sechost.dll
0x00007ff812c10000 - 0x00007ff812d30000 	C:\WINDOWS\System32\RPCRT4.dll
0x00007ff814720000 - 0x00007ff814728000 	C:\WINDOWS\System32\PSAPI.DLL
0x00007ff80c9f0000 - 0x00007ff80c9fa000 	C:\WINDOWS\SYSTEM32\VERSION.dll
0x00007ffff8300000 - 0x00007ffff8309000 	C:\WINDOWS\SYSTEM32\WSOCK32.dll
0x00007ff80ce20000 - 0x00007ff80ce53000 	C:\WINDOWS\SYSTEM32\WINMM.dll
0x00007ff814580000 - 0x00007ff8145ef000 	C:\WINDOWS\System32\WS2_32.dll
0x00007ff8112d0000 - 0x00007ff8112e8000 	C:\WINDOWS\SYSTEM32\kernel.appcore.dll
0x00007fffffbb0000 - 0x00007fffffbc1000 	D:\Program Files\Android\Android Studio\jre\bin\verify.dll
0x00007ff80fda0000 - 0x00007ff80ffc1000 	C:\WINDOWS\SYSTEM32\DBGHELP.DLL
0x00007ffffcdc0000 - 0x00007ffffcdf1000 	C:\WINDOWS\SYSTEM32\dbgcore.DLL
0x00007ff812ad0000 - 0x00007ff812b4f000 	C:\WINDOWS\System32\bcryptPrimitives.dll
0x00007fffff6e0000 - 0x00007fffff709000 	D:\Program Files\Android\Android Studio\jre\bin\java.dll
0x00007ff80f260000 - 0x00007ff80f26b000 	D:\Program Files\Android\Android Studio\jre\bin\jimage.dll
0x00007fffff8c0000 - 0x00007fffff8d8000 	D:\Program Files\Android\Android Studio\jre\bin\zip.dll
0x00007ff813ce0000 - 0x00007ff81448f000 	C:\WINDOWS\System32\SHELL32.dll
0x00007ff810340000 - 0x00007ff810ba8000 	C:\WINDOWS\SYSTEM32\windows.storage.dll
0x00007ff814920000 - 0x00007ff814c98000 	C:\WINDOWS\System32\combase.dll
0x00007ff8101d0000 - 0x00007ff810336000 	C:\WINDOWS\SYSTEM32\wintypes.dll
0x00007ff814830000 - 0x00007ff81491a000 	C:\WINDOWS\System32\SHCORE.dll
0x00007ff8146c0000 - 0x00007ff81471d000 	C:\WINDOWS\System32\shlwapi.dll
0x00007ff812100000 - 0x00007ff812121000 	C:\WINDOWS\SYSTEM32\profapi.dll
0x00007fffff860000 - 0x00007fffff87a000 	D:\Program Files\Android\Android Studio\jre\bin\net.dll
0x00007ff80b890000 - 0x00007ff80b99c000 	C:\WINDOWS\SYSTEM32\WINHTTP.dll
0x00007ff811700000 - 0x00007ff811767000 	C:\WINDOWS\system32\mswsock.dll
0x00007ffffac80000 - 0x00007ffffac94000 	D:\Program Files\Android\Android Studio\jre\bin\nio.dll
0x00007fffeed70000 - 0x00007fffeed97000 	C:\Users\maros\.gradle\native\e1d6ef7f7dcc3fd88c89a11ec53ec762bb8ba0a96d01ffa2cd45eb1d1d8dd5c5\windows-amd64\native-platform.dll
0x00007fffff580000 - 0x00007fffff6c4000 	C:\Users\maros\.gradle\native\5664cfc778a61ccfe75a443a1ab52a65af34e5dc3c78e0209fed803814484fcb\windows-amd64\native-platform-file-events.dll
0x00007ff80ce80000 - 0x00007ff80ce8a000 	D:\Program Files\Android\Android Studio\jre\bin\management.dll
0x00007ff808780000 - 0x00007ff80878d000 	D:\Program Files\Android\Android Studio\jre\bin\management_ext.dll
0x00007ff811950000 - 0x00007ff811968000 	C:\WINDOWS\SYSTEM32\CRYPTSP.dll
0x00007ff811230000 - 0x00007ff811265000 	C:\WINDOWS\system32\rsaenh.dll
0x00007ff8117f0000 - 0x00007ff811819000 	C:\WINDOWS\SYSTEM32\USERENV.dll
0x00007ff811ac0000 - 0x00007ff811ae7000 	C:\WINDOWS\SYSTEM32\bcrypt.dll
0x00007ff811940000 - 0x00007ff81194c000 	C:\WINDOWS\SYSTEM32\CRYPTBASE.dll
0x00007ff810e00000 - 0x00007ff810e2d000 	C:\WINDOWS\SYSTEM32\IPHLPAPI.DLL
0x00007ff812fb0000 - 0x00007ff812fb9000 	C:\WINDOWS\System32\NSI.dll
0x00007ff80c060000 - 0x00007ff80c079000 	C:\WINDOWS\SYSTEM32\dhcpcsvc6.DLL
0x00007ff80c5c0000 - 0x00007ff80c5de000 	C:\WINDOWS\SYSTEM32\dhcpcsvc.DLL
0x00007ff810e70000 - 0x00007ff810f58000 	C:\WINDOWS\SYSTEM32\DNSAPI.dll

dbghelp: loaded successfully - version: 4.0.5 - missing functions: none
symbol engine: initialized successfully - sym options: 0x614 - pdb path: .;D:\Program Files\Android\Android Studio\jre\bin;C:\WINDOWS\SYSTEM32;C:\WINDOWS\WinSxS\amd64_microsoft.windows.common-controls_6595b64144ccf1df_6.0.22000.120_none_9d947278b86cc467;D:\Program Files\Android\Android Studio\jre\bin\server;C:\Users\maros\.gradle\native\e1d6ef7f7dcc3fd88c89a11ec53ec762bb8ba0a96d01ffa2cd45eb1d1d8dd5c5\windows-amd64;C:\Users\maros\.gradle\native\5664cfc778a61ccfe75a443a1ab52a65af34e5dc3c78e0209fed803814484fcb\windows-amd64

VM Arguments:
jvm_args: --add-opens=java.base/java.util=ALL-UNNAMED --add-opens=java.base/java.lang=ALL-UNNAMED --add-opens=java.base/java.lang.invoke=ALL-UNNAMED --add-opens=java.base/java.util=ALL-UNNAMED --add-opens=java.prefs/java.util.prefs=ALL-UNNAMED --add-opens=java.prefs/java.util.prefs=ALL-UNNAMED --add-opens=java.base/java.nio.charset=ALL-UNNAMED --add-opens=java.base/java.net=ALL-UNNAMED --add-opens=java.base/java.util.concurrent.atomic=ALL-UNNAMED -Xmx2048m -Dfile.encoding=UTF-8 -Duser.country=SK -Duser.language=sk -Duser.variant 
java_command: org.gradle.launcher.daemon.bootstrap.GradleDaemon 7.3.3
java_class_path (initial): C:\Users\maros\.gradle\wrapper\dists\gradle-7.3.3-bin\6a41zxkdtcxs8rphpq6y0069z\gradle-7.3.3\lib\gradle-launcher-7.3.3.jar
Launcher Type: SUN_STANDARD

[Global flags]
     intx CICompilerCount                          = 4                                         {product} {ergonomic}
     uint ConcGCThreads                            = 2                                         {product} {ergonomic}
     uint G1ConcRefinementThreads                  = 8                                         {product} {ergonomic}
   size_t G1HeapRegionSize                         = 1048576                                   {product} {ergonomic}
    uintx GCDrainStackTargetSize                   = 64                                        {product} {ergonomic}
   size_t InitialHeapSize                          = 268435456                                 {product} {ergonomic}
   size_t MarkStackSize                            = 4194304                                   {product} {ergonomic}
   size_t MaxHeapSize                              = 2147483648                                {product} {command line}
   size_t MaxNewSize                               = 1287651328                                {product} {ergonomic}
   size_t MinHeapDeltaBytes                        = 1048576                                   {product} {ergonomic}
    uintx NonNMethodCodeHeapSize                   = 5836300                                {pd product} {ergonomic}
    uintx NonProfiledCodeHeapSize                  = 122910970                              {pd product} {ergonomic}
    uintx ProfiledCodeHeapSize                     = 122910970                              {pd product} {ergonomic}
    uintx ReservedCodeCacheSize                    = 251658240                              {pd product} {ergonomic}
     bool SegmentedCodeCache                       = true                                      {product} {ergonomic}
     bool UseCompressedClassPointers               = true                                 {lp64_product} {ergonomic}
     bool UseCompressedOops                        = true                                 {lp64_product} {ergonomic}
     bool UseG1GC                                  = true                                      {product} {ergonomic}
     bool UseLargePagesIndividualAllocation        = false                                  {pd product} {ergonomic}

Logging:
Log output configuration:
 #0: stdout all=warning uptime,level,tags
 #1: stderr all=off uptime,level,tags

Environment Variables:
JAVA_HOME=C:\Program Files\Java\jre1.8.0_301
CLASSPATH=C:\xpressmp\lib\xprm.jar;C:\xpressmp\lib\xprs.jar;C:\xpressmp\lib\xprb.jar;D:\Jess71p2\lib\jess.jar;D:\Jess71p2\lib\jsr94.jar
PATH=C:\xpressmp\bin;C:\xpressmp\workbench;C:\Program Files\Common Files\Oracle\Java\javapath;C:\Program Files (x86)\Common Files\Oracle\Java\javapath;C:\Program Files (x86)\Intel\iCLS Client\;C:\Program Files\Intel\iCLS Client\;C:\Windows\system32;C:\Windows;C:\Windows\System32\Wbem;C:\Windows\System32\WindowsPowerShell\v1.0\;C:\Windows\System32\OpenSSH\;D:\Program Files\mingw-w64\mingw64\bin;C:\Program Files (x86)\Intel\Intel(R) Management Engine Components\DAL;C:\Program Files\Intel\Intel(R) Management Engine Components\DAL;C:\Program Files (x86)\Intel\Intel(R) Management Engine Components\IPT;C:\Program Files\Intel\Intel(R) Management Engine Components\IPT;C:\Program Files (x86)\NVIDIA Corporation\PhysX\Common;C:\Program Files\Intel\WiFi\bin\;C:\Program Files\Common Files\Intel\WirelessCommon\;C:\WINDOWS\system32;C:\WINDOWS;C:\WINDOWS\System32\Wbem;C:\WINDOWS\System32\WindowsPowerShell\v1.0\;C:\WINDOWS\System32\OpenSSH\;D:\Program Files\MATLAB\R2021a\runtime\win64;D:\Program Files\MATLAB\R2021a\bin;C:\Program Files\MATLAB\MATLAB Runtime\v910\runtime\win64;C:\Program Files\Microsoft SQL Server\150\Tools\Binn\;D:\Program Files\Git\cmd;C:\Program Files\dotnet\;C:\Program Files\Java\jdk-17.0.2\bin;C:\Users\maros\AppData\Local\Programs\Python\Python39\Scripts\;C:\Users\maros\AppData\Local\Programs\Python\Python39\;C:\Users\maros\AppData\Local\Microsoft\WindowsApps;C:\Program Files\JetBrains\PyCharm Community Edition 2021.2.2\bin;C:\Users\maros\.dotnet\tools;D:\Program Files\JetBrains\IntelliJ IDEA 2021.3.2\bin;C:\Users\maros\AppData\Local\Programs\Microsoft VS Code\bin;C:\Users\maros\AppData\Local\gitkraken\bin;C:\Users\maros\.dotnet\tools
USERNAME=maros
OS=Windows_NT
PROCESSOR_IDENTIFIER=Intel64 Family 6 Model 142 Stepping 10, GenuineIntel



---------------  S Y S T E M  ---------------

OS: Windows 10 , 64 bit Build 22000 (10.0.22000.675)
OS uptime: 28 days 19:14 hours

CPU:total 8 (initial active 8) (4 cores per cpu, 2 threads per core) family 6 model 142 stepping 10 microcode 0xe0, cmov, cx8, fxsr, mmx, sse, sse2, sse3, ssse3, sse4.1, sse4.2, popcnt, avx, avx2, aes, clmul, erms, 3dnowpref, lzcnt, ht, tsc, tscinvbit, bmi1, bmi2, adx, fma

Memory: 4k page, system-wide physical 16270M (632M free)
TotalPageFile size 31398M (AvailPageFile size 29M)
current process WorkingSet (physical memory assigned to process): 417M, peak: 423M
current process commit charge ("private bytes"): 505M, peak: 509M

vm_info: OpenJDK 64-Bit Server VM (11.0.12+7-b1504.28-7817840) for windows-amd64 JRE (11.0.12+7-b1504.28-7817840), built on Oct 13 2021 22:12:33 by "builder" with MS VC++ 14.0 (VS2015)

END.
